0 verbose cli /usr/local/bin/node /usr/local/bin/npm
1 info using npm@9.6.4
2 info using node@v20.0.0
3 timing npm:load:whichnode Completed in 6ms
4 timing config:load:defaults Completed in 2ms
5 timing config:load:file:/usr/local/lib/node_modules/npm/npmrc Completed in 1ms
6 timing config:load:builtin Completed in 1ms
7 timing config:load:cli Completed in 2ms
8 timing config:load:env Completed in 0ms
9 timing config:load:project Completed in 2ms
10 timing config:load:file:/home/node/.npmrc Completed in 23ms
11 timing config:load:user Completed in 23ms
12 timing config:load:file:/usr/local/etc/npmrc Completed in 0ms
13 timing config:load:global Completed in 0ms
14 timing config:load:setEnvs Completed in 1ms
15 timing config:load Completed in 33ms
16 timing npm:load:configload Completed in 33ms
17 timing npm:load:mkdirpcache Completed in 4ms
18 timing npm:load:mkdirplogs Completed in 2ms
19 verbose title npm install
20 verbose argv "install"
21 timing npm:load:setTitle Completed in 1ms
22 timing config:load:flatten Completed in 3ms
23 timing npm:load:display Completed in 4ms
24 verbose logfile logs-max:10 dir:/home/node/.npm/_logs/2024-04-02T12_07_00_434Z-
25 verbose logfile /home/node/.npm/_logs/2024-04-02T12_07_00_434Z-debug-0.log
26 timing npm:load:logFile Completed in 25ms
27 timing npm:load:timers Completed in 0ms
28 timing npm:load:configScope Completed in 0ms
29 timing npm:load Completed in 86ms
30 timing arborist:ctor Completed in 1ms
31 silly logfile done cleaning log files
32 timing arborist:ctor Completed in 0ms
33 timing idealTree:init Completed in 48ms
34 timing idealTree:userRequests Completed in 0ms
35 silly idealTree buildDeps
36 silly fetch manifest vue@^3.4.19
37 http fetch GET 200 https://registry.npmjs.org/vue 308ms (cache miss)
38 silly fetch manifest typescript@^5.2.2
39 http fetch GET 200 https://registry.npmjs.org/npm 768ms (cache miss)
40 http fetch GET 200 https://registry.npmjs.org/typescript 667ms (cache miss)
41 silly fetch manifest @vitejs/plugin-vue@^5.0.4
42 http fetch GET 200 https://registry.npmjs.org/@vitejs%2fplugin-vue 135ms (cache miss)
43 silly fetch manifest vite@^5.1.4
44 http fetch GET 200 https://registry.npmjs.org/vite 177ms (cache miss)
45 silly fetch manifest @types/node@^18.0.0 || >=20.0.0
46 http fetch GET 200 https://registry.npmjs.org/@types%2fnode 215ms (cache miss)
47 silly fetch manifest less@*
48 http fetch GET 200 https://registry.npmjs.org/less 67ms (cache miss)
49 silly fetch manifest lightningcss@^1.21.0
50 http fetch GET 200 https://registry.npmjs.org/lightningcss 43ms (cache miss)
51 silly fetch manifest sass@*
52 http fetch GET 200 https://registry.npmjs.org/sass 61ms (cache miss)
53 silly fetch manifest stylus@*
54 http fetch GET 200 https://registry.npmjs.org/stylus 49ms (cache miss)
55 silly fetch manifest sugarss@*
56 http fetch GET 200 https://registry.npmjs.org/sugarss 62ms (cache miss)
57 silly fetch manifest postcss@^8.3.3
58 http fetch GET 200 https://registry.npmjs.org/postcss 55ms (cache miss)
59 silly fetch manifest terser@^5.4.0
60 http fetch GET 200 https://registry.npmjs.org/terser 77ms (cache miss)
61 silly fetch manifest vue-tsc@^1.8.27
62 http fetch GET 200 https://registry.npmjs.org/vue-tsc 70ms (cache miss)
63 silly placeDep ROOT @vitejs/plugin-vue@5.0.4 OK for: vite-project@0.0.0 want: ^5.0.4
64 silly placeDep ROOT vite@5.2.7 OK for: @vitejs/plugin-vue@5.0.4 want: ^5.0.0
65 silly placeDep ROOT vue@3.4.21 OK for: @vitejs/plugin-vue@5.0.4 want: ^3.2.25
66 silly placeDep ROOT typescript@5.4.3 OK for: vite-project@0.0.0 want: ^5.2.2
67 silly placeDep ROOT vue-tsc@1.8.27 OK for: vite-project@0.0.0 want: ^1.8.27
68 silly fetch manifest @vue/shared@3.4.21
69 silly fetch manifest @vue/compiler-dom@3.4.21
70 silly fetch manifest @vue/compiler-sfc@3.4.21
71 silly fetch manifest @vue/runtime-dom@3.4.21
72 silly fetch manifest @vue/server-renderer@3.4.21
73 silly fetch manifest esbuild@^0.20.1
74 silly fetch manifest postcss@^8.4.38
75 silly fetch manifest rollup@^4.13.0
76 silly fetch manifest fsevents@~2.3.3
77 silly fetch manifest @volar/typescript@~1.11.1
78 silly fetch manifest @vue/language-core@1.8.27
79 silly fetch manifest semver@^7.5.4
80 http fetch GET 200 https://registry.npmjs.org/@vue%2flanguage-core 403ms (cache miss)
81 http fetch GET 200 https://registry.npmjs.org/semver 413ms (cache miss)
82 http fetch GET 200 https://registry.npmjs.org/@vue%2fcompiler-dom 426ms (cache miss)
83 http fetch GET 200 https://registry.npmjs.org/@vue%2fshared 431ms (cache miss)
84 http fetch GET 200 https://registry.npmjs.org/fsevents 441ms (cache miss)
85 http fetch GET 200 https://registry.npmjs.org/@volar%2ftypescript 699ms (cache miss)
86 http fetch GET 200 https://registry.npmjs.org/@vue%2fruntime-dom 757ms (cache miss)
87 http fetch GET 200 https://registry.npmjs.org/@vue%2fserver-renderer 766ms (cache miss)
88 http fetch GET 200 https://registry.npmjs.org/@vue%2fcompiler-sfc 801ms (cache miss)
89 http fetch GET 200 https://registry.npmjs.org/esbuild 833ms (cache miss)
90 http fetch GET 200 https://registry.npmjs.org/rollup 920ms (cache miss)
91 timing idealTree:#root Completed in 3079ms
92 timing idealTree:node_modules/@vitejs/plugin-vue Completed in 0ms
93 timing idealTree:node_modules/typescript Completed in 0ms
94 silly placeDep ROOT esbuild@0.20.2 OK for: vite@5.2.7 want: ^0.20.1
95 silly placeDep ROOT fsevents@2.3.3 OK for: vite@5.2.7 want: ~2.3.3
96 silly placeDep ROOT postcss@8.4.38 OK for: vite@5.2.7 want: ^8.4.38
97 silly placeDep ROOT rollup@4.13.2 OK for: vite@5.2.7 want: ^4.13.0
98 silly fetch manifest @esbuild/aix-ppc64@0.20.2
99 silly fetch manifest @esbuild/android-arm@0.20.2
100 silly fetch manifest @esbuild/android-arm64@0.20.2
101 silly fetch manifest @esbuild/android-x64@0.20.2
102 silly fetch manifest @esbuild/darwin-arm64@0.20.2
103 silly fetch manifest @esbuild/darwin-x64@0.20.2
104 silly fetch manifest @esbuild/freebsd-arm64@0.20.2
105 silly fetch manifest @esbuild/freebsd-x64@0.20.2
106 silly fetch manifest @esbuild/linux-arm@0.20.2
107 silly fetch manifest @esbuild/linux-arm64@0.20.2
108 silly fetch manifest @esbuild/linux-ia32@0.20.2
109 silly fetch manifest @esbuild/linux-loong64@0.20.2
110 silly fetch manifest @esbuild/linux-mips64el@0.20.2
111 silly fetch manifest @esbuild/linux-ppc64@0.20.2
112 silly fetch manifest @esbuild/linux-riscv64@0.20.2
113 silly fetch manifest @esbuild/linux-s390x@0.20.2
114 silly fetch manifest @esbuild/linux-x64@0.20.2
115 silly fetch manifest @esbuild/netbsd-x64@0.20.2
116 silly fetch manifest @esbuild/openbsd-x64@0.20.2
117 silly fetch manifest @esbuild/sunos-x64@0.20.2
118 silly fetch manifest @esbuild/win32-arm64@0.20.2
119 silly fetch manifest @esbuild/win32-ia32@0.20.2
120 silly fetch manifest @esbuild/win32-x64@0.20.2
121 silly fetch manifest nanoid@^3.3.7
122 silly fetch manifest picocolors@^1.0.0
123 silly fetch manifest source-map-js@^1.2.0
124 silly fetch manifest @types/estree@1.0.5
125 silly fetch manifest @rollup/rollup-darwin-arm64@4.13.2
126 silly fetch manifest @rollup/rollup-android-arm64@4.13.2
127 silly fetch manifest @rollup/rollup-win32-arm64-msvc@4.13.2
128 silly fetch manifest @rollup/rollup-linux-arm64-gnu@4.13.2
129 silly fetch manifest @rollup/rollup-linux-arm64-musl@4.13.2
130 silly fetch manifest @rollup/rollup-android-arm-eabi@4.13.2
131 silly fetch manifest @rollup/rollup-linux-arm-gnueabihf@4.13.2
132 silly fetch manifest @rollup/rollup-win32-ia32-msvc@4.13.2
133 silly fetch manifest @rollup/rollup-linux-riscv64-gnu@4.13.2
134 silly fetch manifest @rollup/rollup-linux-powerpc64le-gnu@4.13.2
135 silly fetch manifest @rollup/rollup-linux-s390x-gnu@4.13.2
136 silly fetch manifest @rollup/rollup-darwin-x64@4.13.2
137 silly fetch manifest @rollup/rollup-win32-x64-msvc@4.13.2
138 silly fetch manifest @rollup/rollup-linux-x64-gnu@4.13.2
139 silly fetch manifest @rollup/rollup-linux-x64-musl@4.13.2
140 http fetch GET 200 https://registry.npmjs.org/@esbuild%2ffreebsd-x64 310ms (cache miss)
141 http fetch GET 200 https://registry.npmjs.org/@esbuild%2flinux-arm 316ms (cache miss)
142 http fetch GET 200 https://registry.npmjs.org/@esbuild%2fandroid-arm 371ms (cache miss)
143 http fetch GET 200 https://registry.npmjs.org/@esbuild%2fdarwin-x64 382ms (cache miss)
144 http fetch GET 200 https://registry.npmjs.org/@esbuild%2fandroid-arm64 398ms (cache miss)
145 http fetch GET 200 https://registry.npmjs.org/picocolors 390ms (cache miss)
146 http fetch GET 200 https://registry.npmjs.org/@esbuild%2fdarwin-arm64 439ms (cache miss)
147 http fetch GET 200 https://registry.npmjs.org/source-map-js 450ms (cache miss)
148 http fetch GET 200 https://registry.npmjs.org/@esbuild%2flinux-ia32 486ms (cache miss)
149 http fetch GET 200 https://registry.npmjs.org/@types%2festree 476ms (cache miss)
150 http fetch GET 200 https://registry.npmjs.org/@esbuild%2fsunos-x64 488ms (cache miss)
151 http fetch GET 200 https://registry.npmjs.org/@esbuild%2ffreebsd-arm64 535ms (cache miss)
152 http fetch GET 200 https://registry.npmjs.org/@rollup%2frollup-linux-arm64-gnu 527ms (cache miss)
153 http fetch GET 200 https://registry.npmjs.org/@rollup%2frollup-android-arm-eabi 532ms (cache miss)
154 http fetch GET 200 https://registry.npmjs.org/@rollup%2frollup-linux-arm64-musl 546ms (cache miss)
155 http fetch GET 200 https://registry.npmjs.org/@esbuild%2fandroid-x64 576ms (cache miss)
156 http fetch GET 200 https://registry.npmjs.org/@rollup%2frollup-linux-riscv64-gnu 560ms (cache miss)
157 http fetch GET 200 https://registry.npmjs.org/@esbuild%2fopenbsd-x64 606ms (cache miss)
158 http fetch GET 200 https://registry.npmjs.org/@esbuild%2flinux-s390x 612ms (cache miss)
159 http fetch GET 200 https://registry.npmjs.org/@rollup%2frollup-win32-ia32-msvc 594ms (cache miss)
160 http fetch GET 200 https://registry.npmjs.org/@rollup%2frollup-linux-powerpc64le-gnu 598ms (cache miss)
161 http fetch GET 200 https://registry.npmjs.org/@rollup%2frollup-linux-s390x-gnu 601ms (cache miss)
162 http fetch GET 200 https://registry.npmjs.org/@rollup%2frollup-darwin-x64 601ms (cache miss)
163 http fetch GET 200 https://registry.npmjs.org/@rollup%2frollup-linux-arm-gnueabihf 606ms (cache miss)
164 http fetch GET 200 https://registry.npmjs.org/@rollup%2frollup-win32-arm64-msvc 611ms (cache miss)
165 http fetch GET 200 https://registry.npmjs.org/@esbuild%2fwin32-ia32 624ms (cache miss)
166 http fetch GET 200 https://registry.npmjs.org/@rollup%2frollup-linux-x64-gnu 611ms (cache miss)
167 http fetch GET 200 https://registry.npmjs.org/@rollup%2frollup-win32-x64-msvc 614ms (cache miss)
168 http fetch GET 200 https://registry.npmjs.org/@rollup%2frollup-linux-x64-musl 614ms (cache miss)
169 http fetch GET 200 https://registry.npmjs.org/@esbuild%2fwin32-x64 632ms (cache miss)
170 http fetch GET 200 https://registry.npmjs.org/@esbuild%2flinux-x64 639ms (cache miss)
171 http fetch GET 200 https://registry.npmjs.org/@esbuild%2fnetbsd-x64 642ms (cache miss)
172 http fetch GET 200 https://registry.npmjs.org/@rollup%2frollup-darwin-arm64 632ms (cache miss)
173 http fetch GET 200 https://registry.npmjs.org/@esbuild%2fwin32-arm64 643ms (cache miss)
174 http fetch GET 200 https://registry.npmjs.org/@rollup%2frollup-android-arm64 634ms (cache miss)
175 http fetch GET 200 https://registry.npmjs.org/nanoid 666ms (cache miss)
176 http fetch GET 200 https://registry.npmjs.org/@esbuild%2flinux-arm64 687ms (cache miss)
177 http fetch GET 200 https://registry.npmjs.org/@esbuild%2flinux-riscv64 688ms (cache miss)
178 http fetch GET 200 https://registry.npmjs.org/@esbuild%2flinux-ppc64 692ms (cache miss)
179 http fetch GET 200 https://registry.npmjs.org/@esbuild%2flinux-mips64el 694ms (cache miss)
180 http fetch GET 200 https://registry.npmjs.org/@esbuild%2flinux-loong64 699ms (cache miss)
181 http fetch GET 200 https://registry.npmjs.org/@esbuild%2faix-ppc64 729ms (cache miss)
182 timing idealTree:node_modules/vite Completed in 740ms
183 silly placeDep ROOT @esbuild/aix-ppc64@0.20.2 OK for: esbuild@0.20.2 want: 0.20.2
184 silly placeDep ROOT @esbuild/android-arm@0.20.2 OK for: esbuild@0.20.2 want: 0.20.2
185 silly placeDep ROOT @esbuild/android-arm64@0.20.2 OK for: esbuild@0.20.2 want: 0.20.2
186 silly placeDep ROOT @esbuild/android-x64@0.20.2 OK for: esbuild@0.20.2 want: 0.20.2
187 silly placeDep ROOT @esbuild/darwin-arm64@0.20.2 OK for: esbuild@0.20.2 want: 0.20.2
188 silly placeDep ROOT @esbuild/darwin-x64@0.20.2 OK for: esbuild@0.20.2 want: 0.20.2
189 silly placeDep ROOT @esbuild/freebsd-arm64@0.20.2 OK for: esbuild@0.20.2 want: 0.20.2
190 silly placeDep ROOT @esbuild/freebsd-x64@0.20.2 OK for: esbuild@0.20.2 want: 0.20.2
191 silly placeDep ROOT @esbuild/linux-arm@0.20.2 OK for: esbuild@0.20.2 want: 0.20.2
192 silly placeDep ROOT @esbuild/linux-arm64@0.20.2 OK for: esbuild@0.20.2 want: 0.20.2
193 silly placeDep ROOT @esbuild/linux-ia32@0.20.2 OK for: esbuild@0.20.2 want: 0.20.2
194 silly placeDep ROOT @esbuild/linux-loong64@0.20.2 OK for: esbuild@0.20.2 want: 0.20.2
195 silly placeDep ROOT @esbuild/linux-mips64el@0.20.2 OK for: esbuild@0.20.2 want: 0.20.2
196 silly placeDep ROOT @esbuild/linux-ppc64@0.20.2 OK for: esbuild@0.20.2 want: 0.20.2
197 silly placeDep ROOT @esbuild/linux-riscv64@0.20.2 OK for: esbuild@0.20.2 want: 0.20.2
198 silly placeDep ROOT @esbuild/linux-s390x@0.20.2 OK for: esbuild@0.20.2 want: 0.20.2
199 silly placeDep ROOT @esbuild/linux-x64@0.20.2 OK for: esbuild@0.20.2 want: 0.20.2
200 silly placeDep ROOT @esbuild/netbsd-x64@0.20.2 OK for: esbuild@0.20.2 want: 0.20.2
201 silly placeDep ROOT @esbuild/openbsd-x64@0.20.2 OK for: esbuild@0.20.2 want: 0.20.2
202 silly placeDep ROOT @esbuild/sunos-x64@0.20.2 OK for: esbuild@0.20.2 want: 0.20.2
203 silly placeDep ROOT @esbuild/win32-arm64@0.20.2 OK for: esbuild@0.20.2 want: 0.20.2
204 silly placeDep ROOT @esbuild/win32-ia32@0.20.2 OK for: esbuild@0.20.2 want: 0.20.2
205 silly placeDep ROOT @esbuild/win32-x64@0.20.2 OK for: esbuild@0.20.2 want: 0.20.2
206 timing idealTree:node_modules/esbuild Completed in 31ms
207 timing idealTree:node_modules/@esbuild/aix-ppc64 Completed in 0ms
208 timing idealTree:node_modules/@esbuild/android-arm Completed in 0ms
209 timing idealTree:node_modules/@esbuild/android-arm64 Completed in 0ms
210 timing idealTree:node_modules/@esbuild/android-x64 Completed in 0ms
211 timing idealTree:node_modules/@esbuild/darwin-arm64 Completed in 0ms
212 timing idealTree:node_modules/@esbuild/darwin-x64 Completed in 0ms
213 timing idealTree:node_modules/@esbuild/freebsd-arm64 Completed in 0ms
214 timing idealTree:node_modules/@esbuild/freebsd-x64 Completed in 0ms
215 timing idealTree:node_modules/@esbuild/linux-arm Completed in 0ms
216 timing idealTree:node_modules/@esbuild/linux-arm64 Completed in 0ms
217 timing idealTree:node_modules/@esbuild/linux-ia32 Completed in 0ms
218 timing idealTree:node_modules/@esbuild/linux-loong64 Completed in 0ms
219 timing idealTree:node_modules/@esbuild/linux-mips64el Completed in 0ms
220 timing idealTree:node_modules/@esbuild/linux-ppc64 Completed in 0ms
221 timing idealTree:node_modules/@esbuild/linux-riscv64 Completed in 0ms
222 timing idealTree:node_modules/@esbuild/linux-s390x Completed in 0ms
223 timing idealTree:node_modules/@esbuild/linux-x64 Completed in 0ms
224 timing idealTree:node_modules/@esbuild/netbsd-x64 Completed in 0ms
225 timing idealTree:node_modules/@esbuild/openbsd-x64 Completed in 0ms
226 timing idealTree:node_modules/@esbuild/sunos-x64 Completed in 0ms
227 timing idealTree:node_modules/@esbuild/win32-arm64 Completed in 0ms
228 timing idealTree:node_modules/@esbuild/win32-ia32 Completed in 0ms
229 timing idealTree:node_modules/@esbuild/win32-x64 Completed in 0ms
230 timing idealTree:node_modules/fsevents Completed in 0ms
231 silly placeDep ROOT nanoid@3.3.7 OK for: postcss@8.4.38 want: ^3.3.7
232 silly placeDep ROOT picocolors@1.0.0 OK for: postcss@8.4.38 want: ^1.0.0
233 silly placeDep ROOT source-map-js@1.2.0 OK for: postcss@8.4.38 want: ^1.2.0
234 timing idealTree:node_modules/postcss Completed in 2ms
235 timing idealTree:node_modules/nanoid Completed in 0ms
236 timing idealTree:node_modules/picocolors Completed in 0ms
237 silly placeDep ROOT @rollup/rollup-android-arm-eabi@4.13.2 OK for: rollup@4.13.2 want: 4.13.2
238 silly placeDep ROOT @rollup/rollup-android-arm64@4.13.2 OK for: rollup@4.13.2 want: 4.13.2
239 silly placeDep ROOT @rollup/rollup-darwin-arm64@4.13.2 OK for: rollup@4.13.2 want: 4.13.2
240 silly placeDep ROOT @rollup/rollup-darwin-x64@4.13.2 OK for: rollup@4.13.2 want: 4.13.2
241 silly placeDep ROOT @rollup/rollup-linux-arm-gnueabihf@4.13.2 OK for: rollup@4.13.2 want: 4.13.2
242 silly placeDep ROOT @rollup/rollup-linux-arm64-gnu@4.13.2 OK for: rollup@4.13.2 want: 4.13.2
243 silly placeDep ROOT @rollup/rollup-linux-arm64-musl@4.13.2 OK for: rollup@4.13.2 want: 4.13.2
244 silly placeDep ROOT @rollup/rollup-linux-powerpc64le-gnu@4.13.2 OK for: rollup@4.13.2 want: 4.13.2
245 silly placeDep ROOT @rollup/rollup-linux-riscv64-gnu@4.13.2 OK for: rollup@4.13.2 want: 4.13.2
246 silly placeDep ROOT @rollup/rollup-linux-s390x-gnu@4.13.2 OK for: rollup@4.13.2 want: 4.13.2
247 silly placeDep ROOT @rollup/rollup-linux-x64-gnu@4.13.2 OK for: rollup@4.13.2 want: 4.13.2
248 silly placeDep ROOT @rollup/rollup-linux-x64-musl@4.13.2 OK for: rollup@4.13.2 want: 4.13.2
249 silly placeDep ROOT @rollup/rollup-win32-arm64-msvc@4.13.2 OK for: rollup@4.13.2 want: 4.13.2
250 silly placeDep ROOT @rollup/rollup-win32-ia32-msvc@4.13.2 OK for: rollup@4.13.2 want: 4.13.2
251 silly placeDep ROOT @rollup/rollup-win32-x64-msvc@4.13.2 OK for: rollup@4.13.2 want: 4.13.2
252 silly placeDep ROOT @types/estree@1.0.5 OK for: rollup@4.13.2 want: 1.0.5
253 timing idealTree:node_modules/rollup Completed in 15ms
254 timing idealTree:node_modules/@rollup/rollup-android-arm-eabi Completed in 1ms
255 timing idealTree:node_modules/@rollup/rollup-android-arm64 Completed in 0ms
256 timing idealTree:node_modules/@rollup/rollup-darwin-arm64 Completed in 0ms
257 timing idealTree:node_modules/@rollup/rollup-darwin-x64 Completed in 0ms
258 timing idealTree:node_modules/@rollup/rollup-linux-arm-gnueabihf Completed in 0ms
259 timing idealTree:node_modules/@rollup/rollup-linux-arm64-gnu Completed in 0ms
260 timing idealTree:node_modules/@rollup/rollup-linux-arm64-musl Completed in 0ms
261 timing idealTree:node_modules/@rollup/rollup-linux-powerpc64le-gnu Completed in 0ms
262 timing idealTree:node_modules/@rollup/rollup-linux-riscv64-gnu Completed in 0ms
263 timing idealTree:node_modules/@rollup/rollup-linux-s390x-gnu Completed in 0ms
264 timing idealTree:node_modules/@rollup/rollup-linux-x64-gnu Completed in 0ms
265 timing idealTree:node_modules/@rollup/rollup-linux-x64-musl Completed in 0ms
266 timing idealTree:node_modules/@rollup/rollup-win32-arm64-msvc Completed in 0ms
267 timing idealTree:node_modules/@rollup/rollup-win32-ia32-msvc Completed in 0ms
268 timing idealTree:node_modules/@rollup/rollup-win32-x64-msvc Completed in 0ms
269 timing idealTree:node_modules/@types/estree Completed in 0ms
270 timing idealTree:node_modules/source-map-js Completed in 0ms
271 silly fetch manifest vue@3.4.21
272 silly fetch manifest typescript@*
273 silly placeDep ROOT @vue/compiler-dom@3.4.21 OK for: vue@3.4.21 want: 3.4.21
274 silly placeDep ROOT @vue/compiler-sfc@3.4.21 OK for: vue@3.4.21 want: 3.4.21
275 silly placeDep ROOT @vue/runtime-dom@3.4.21 OK for: vue@3.4.21 want: 3.4.21
276 silly placeDep ROOT @vue/server-renderer@3.4.21 OK for: vue@3.4.21 want: 3.4.21
277 silly placeDep ROOT @vue/shared@3.4.21 OK for: vue@3.4.21 want: 3.4.21
278 silly fetch manifest @vue/compiler-core@3.4.21
279 silly fetch manifest @babel/parser@^7.23.9
280 silly fetch manifest estree-walker@^2.0.2
281 silly fetch manifest magic-string@^0.30.7
282 silly fetch manifest @vue/compiler-ssr@3.4.21
283 silly fetch manifest csstype@^3.1.3
284 silly fetch manifest @vue/runtime-core@3.4.21
285 http fetch GET 200 https://registry.npmjs.org/estree-walker 46ms (cache miss)
286 http fetch GET 200 https://registry.npmjs.org/magic-string 59ms (cache miss)
287 http fetch GET 200 https://registry.npmjs.org/csstype 83ms (cache miss)
288 http fetch GET 200 https://registry.npmjs.org/@babel%2fparser 127ms (cache miss)
289 http fetch GET 200 https://registry.npmjs.org/@vue%2fruntime-core 131ms (cache miss)
290 http fetch GET 200 https://registry.npmjs.org/@vue%2fcompiler-ssr 147ms (cache miss)
291 http fetch GET 200 https://registry.npmjs.org/@vue%2fcompiler-core 165ms (cache miss)
292 timing idealTree:node_modules/vue Completed in 176ms
293 silly placeDep ROOT @vue/compiler-core@3.4.21 OK for: @vue/compiler-dom@3.4.21 want: 3.4.21
294 silly fetch manifest entities@^4.5.0
295 http fetch GET 200 https://registry.npmjs.org/entities 54ms (cache miss)
296 timing idealTree:node_modules/@vue/compiler-dom Completed in 61ms
297 silly placeDep ROOT @babel/parser@7.24.1 OK for: @vue/compiler-core@3.4.21 want: ^7.23.9
298 silly placeDep ROOT entities@4.5.0 OK for: @vue/compiler-core@3.4.21 want: ^4.5.0
299 silly placeDep ROOT estree-walker@2.0.2 OK for: @vue/compiler-core@3.4.21 want: ^2.0.2
300 timing idealTree:node_modules/@vue/compiler-core Completed in 4ms
301 timing idealTree:node_modules/@babel/parser Completed in 0ms
302 silly placeDep ROOT @vue/compiler-ssr@3.4.21 OK for: @vue/compiler-sfc@3.4.21 want: 3.4.21
303 silly placeDep ROOT magic-string@0.30.8 OK for: @vue/compiler-sfc@3.4.21 want: ^0.30.7
304 silly fetch manifest @jridgewell/sourcemap-codec@^1.4.15
305 http fetch GET 200 https://registry.npmjs.org/@jridgewell%2fsourcemap-codec 74ms (cache miss)
306 timing idealTree:node_modules/@vue/compiler-sfc Completed in 78ms
307 timing idealTree:node_modules/@vue/compiler-ssr Completed in 0ms
308 silly placeDep ROOT @vue/runtime-core@3.4.21 OK for: @vue/runtime-dom@3.4.21 want: 3.4.21
309 silly placeDep ROOT csstype@3.1.3 OK for: @vue/runtime-dom@3.4.21 want: ^3.1.3
310 silly fetch manifest @vue/reactivity@3.4.21
311 http fetch GET 200 https://registry.npmjs.org/@vue%2freactivity 96ms (cache miss)
312 timing idealTree:node_modules/@vue/runtime-dom Completed in 100ms
313 silly placeDep ROOT @vue/reactivity@3.4.21 OK for: @vue/runtime-core@3.4.21 want: 3.4.21
314 timing idealTree:node_modules/@vue/runtime-core Completed in 1ms
315 timing idealTree:node_modules/@vue/reactivity Completed in 0ms
316 timing idealTree:node_modules/@vue/server-renderer Completed in 0ms
317 timing idealTree:node_modules/@vue/shared Completed in 0ms
318 timing idealTree:node_modules/csstype Completed in 0ms
319 timing idealTree:node_modules/entities Completed in 0ms
320 timing idealTree:node_modules/estree-walker Completed in 0ms
321 silly placeDep ROOT @jridgewell/sourcemap-codec@1.4.15 OK for: magic-string@0.30.8 want: ^1.4.15
322 timing idealTree:node_modules/magic-string Completed in 2ms
323 timing idealTree:node_modules/@jridgewell/sourcemap-codec Completed in 0ms
324 silly placeDep ROOT @volar/typescript@1.11.1 OK for: vue-tsc@1.8.27 want: ~1.11.1
325 silly placeDep ROOT @vue/language-core@1.8.27 OK for: vue-tsc@1.8.27 want: 1.8.27
326 silly placeDep ROOT semver@7.6.0 OK for: vue-tsc@1.8.27 want: ^7.5.4
327 silly fetch manifest @volar/language-core@1.11.1
328 silly fetch manifest path-browserify@^1.0.1
329 silly fetch manifest @volar/language-core@~1.11.1
330 silly fetch manifest @volar/source-map@~1.11.1
331 silly fetch manifest computeds@^0.0.1
332 silly fetch manifest minimatch@^9.0.3
333 silly fetch manifest muggle-string@^0.3.1
334 silly fetch manifest vue-template-compiler@^2.7.14
335 silly fetch manifest lru-cache@^6.0.0
336 http fetch GET 200 https://registry.npmjs.org/muggle-string 76ms (cache miss)
337 http fetch GET 200 https://registry.npmjs.org/minimatch 107ms (cache miss)
338 http fetch GET 200 https://registry.npmjs.org/path-browserify 124ms (cache miss)
339 http fetch GET 200 https://registry.npmjs.org/computeds 125ms (cache miss)
340 http fetch GET 200 https://registry.npmjs.org/vue-template-compiler 145ms (cache miss)
341 http fetch GET 200 https://registry.npmjs.org/@volar%2flanguage-core 155ms (cache miss)
342 http fetch GET 200 https://registry.npmjs.org/@volar%2flanguage-core 159ms (cache miss)
343 http fetch GET 200 https://registry.npmjs.org/lru-cache 159ms (cache miss)
344 http fetch GET 200 https://registry.npmjs.org/@volar%2fsource-map 219ms (cache miss)
345 timing idealTree:node_modules/vue-tsc Completed in 235ms
346 silly placeDep ROOT @volar/language-core@1.11.1 OK for: @volar/typescript@1.11.1 want: 1.11.1
347 silly placeDep ROOT path-browserify@1.0.1 OK for: @volar/typescript@1.11.1 want: ^1.0.1
348 silly fetch manifest @volar/source-map@1.11.1
349 timing idealTree:node_modules/@volar/typescript Completed in 4ms
350 silly placeDep ROOT @volar/source-map@1.11.1 OK for: @volar/language-core@1.11.1 want: 1.11.1
351 timing idealTree:node_modules/@volar/language-core Completed in 7ms
352 silly placeDep ROOT muggle-string@0.3.1 OK for: @volar/source-map@1.11.1 want: ^0.3.1
353 timing idealTree:node_modules/@volar/source-map Completed in 1ms
354 silly placeDep ROOT computeds@0.0.1 OK for: @vue/language-core@1.8.27 want: ^0.0.1
355 silly placeDep ROOT minimatch@9.0.4 OK for: @vue/language-core@1.8.27 want: ^9.0.3
356 silly placeDep ROOT vue-template-compiler@2.7.16 OK for: @vue/language-core@1.8.27 want: ^2.7.14
357 silly fetch manifest brace-expansion@^2.0.1
358 silly fetch manifest de-indent@^1.0.2
359 silly fetch manifest he@^1.2.0
360 http fetch GET 200 https://registry.npmjs.org/he 46ms (cache miss)
361 http fetch GET 200 https://registry.npmjs.org/de-indent 50ms (cache miss)
362 http fetch GET 200 https://registry.npmjs.org/brace-expansion 58ms (cache miss)
363 timing idealTree:node_modules/@vue/language-core Completed in 62ms
364 timing idealTree:node_modules/computeds Completed in 0ms
365 silly placeDep ROOT brace-expansion@2.0.1 OK for: minimatch@9.0.4 want: ^2.0.1
366 silly fetch manifest balanced-match@^1.0.0
367 http fetch GET 200 https://registry.npmjs.org/balanced-match 46ms (cache miss)
368 timing idealTree:node_modules/minimatch Completed in 49ms
369 silly placeDep ROOT balanced-match@1.0.2 OK for: brace-expansion@2.0.1 want: ^1.0.0
370 timing idealTree:node_modules/brace-expansion Completed in 1ms
371 timing idealTree:node_modules/balanced-match Completed in 0ms
372 timing idealTree:node_modules/muggle-string Completed in 0ms
373 timing idealTree:node_modules/path-browserify Completed in 0ms
374 silly placeDep ROOT lru-cache@6.0.0 OK for: semver@7.6.0 want: ^6.0.0
375 silly fetch manifest yallist@^4.0.0
376 http fetch GET 200 https://registry.npmjs.org/yallist 53ms (cache miss)
377 timing idealTree:node_modules/semver Completed in 55ms
378 silly placeDep ROOT yallist@4.0.0 OK for: lru-cache@6.0.0 want: ^4.0.0
379 timing idealTree:node_modules/lru-cache Completed in 0ms
380 silly placeDep ROOT de-indent@1.0.2 OK for: vue-template-compiler@2.7.16 want: ^1.0.2
381 silly placeDep ROOT he@1.2.0 OK for: vue-template-compiler@2.7.16 want: ^1.2.0
382 timing idealTree:node_modules/vue-template-compiler Completed in 1ms
383 timing idealTree:node_modules/de-indent Completed in 0ms
384 timing idealTree:node_modules/he Completed in 0ms
385 timing idealTree:node_modules/yallist Completed in 0ms
386 timing idealTree:buildDeps Completed in 4745ms
387 timing idealTree:fixDepFlags Completed in 1ms
388 timing idealTree Completed in 4797ms
389 timing reify:loadTrees Completed in 4798ms
390 timing reify:diffTrees Completed in 2ms
391 silly reify moves {}
392 timing reify:retireShallow Completed in 1ms
393 timing reify:createSparse Completed in 145ms
394 timing reify:loadBundles Completed in 0ms
395 silly audit bulk request {
395 silly audit   '@vitejs/plugin-vue': [ '5.0.4' ],
395 silly audit   vite: [ '5.2.7' ],
395 silly audit   vue: [ '3.4.21' ],
395 silly audit   typescript: [ '5.4.3' ],
395 silly audit   'vue-tsc': [ '1.8.27' ],
395 silly audit   esbuild: [ '0.20.2' ],
395 silly audit   fsevents: [ '2.3.3' ],
395 silly audit   postcss: [ '8.4.38' ],
395 silly audit   rollup: [ '4.13.2' ],
395 silly audit   '@esbuild/aix-ppc64': [ '0.20.2' ],
395 silly audit   '@esbuild/android-arm': [ '0.20.2' ],
395 silly audit   '@esbuild/android-arm64': [ '0.20.2' ],
395 silly audit   '@esbuild/android-x64': [ '0.20.2' ],
395 silly audit   '@esbuild/darwin-arm64': [ '0.20.2' ],
395 silly audit   '@esbuild/darwin-x64': [ '0.20.2' ],
395 silly audit   '@esbuild/freebsd-arm64': [ '0.20.2' ],
395 silly audit   '@esbuild/freebsd-x64': [ '0.20.2' ],
395 silly audit   '@esbuild/linux-arm': [ '0.20.2' ],
395 silly audit   '@esbuild/linux-arm64': [ '0.20.2' ],
395 silly audit   '@esbuild/linux-ia32': [ '0.20.2' ],
395 silly audit   '@esbuild/linux-loong64': [ '0.20.2' ],
395 silly audit   '@esbuild/linux-mips64el': [ '0.20.2' ],
395 silly audit   '@esbuild/linux-ppc64': [ '0.20.2' ],
395 silly audit   '@esbuild/linux-riscv64': [ '0.20.2' ],
395 silly audit   '@esbuild/linux-s390x': [ '0.20.2' ],
395 silly audit   '@esbuild/linux-x64': [ '0.20.2' ],
395 silly audit   '@esbuild/netbsd-x64': [ '0.20.2' ],
395 silly audit   '@esbuild/openbsd-x64': [ '0.20.2' ],
395 silly audit   '@esbuild/sunos-x64': [ '0.20.2' ],
395 silly audit   '@esbuild/win32-arm64': [ '0.20.2' ],
395 silly audit   '@esbuild/win32-ia32': [ '0.20.2' ],
395 silly audit   '@esbuild/win32-x64': [ '0.20.2' ],
395 silly audit   nanoid: [ '3.3.7' ],
395 silly audit   picocolors: [ '1.0.0' ],
395 silly audit   'source-map-js': [ '1.2.0' ],
395 silly audit   '@rollup/rollup-android-arm-eabi': [ '4.13.2' ],
395 silly audit   '@rollup/rollup-android-arm64': [ '4.13.2' ],
395 silly audit   '@rollup/rollup-darwin-arm64': [ '4.13.2' ],
395 silly audit   '@rollup/rollup-darwin-x64': [ '4.13.2' ],
395 silly audit   '@rollup/rollup-linux-arm-gnueabihf': [ '4.13.2' ],
395 silly audit   '@rollup/rollup-linux-arm64-gnu': [ '4.13.2' ],
395 silly audit   '@rollup/rollup-linux-arm64-musl': [ '4.13.2' ],
395 silly audit   '@rollup/rollup-linux-powerpc64le-gnu': [ '4.13.2' ],
395 silly audit   '@rollup/rollup-linux-riscv64-gnu': [ '4.13.2' ],
395 silly audit   '@rollup/rollup-linux-s390x-gnu': [ '4.13.2' ],
395 silly audit   '@rollup/rollup-linux-x64-gnu': [ '4.13.2' ],
395 silly audit   '@rollup/rollup-linux-x64-musl': [ '4.13.2' ],
395 silly audit   '@rollup/rollup-win32-arm64-msvc': [ '4.13.2' ],
395 silly audit   '@rollup/rollup-win32-ia32-msvc': [ '4.13.2' ],
395 silly audit   '@rollup/rollup-win32-x64-msvc': [ '4.13.2' ],
395 silly audit   '@types/estree': [ '1.0.5' ],
395 silly audit   '@vue/compiler-dom': [ '3.4.21' ],
395 silly audit   '@vue/compiler-sfc': [ '3.4.21' ],
395 silly audit   '@vue/runtime-dom': [ '3.4.21' ],
395 silly audit   '@vue/server-renderer': [ '3.4.21' ],
395 silly audit   '@vue/shared': [ '3.4.21' ],
395 silly audit   '@vue/compiler-core': [ '3.4.21' ],
395 silly audit   '@babel/parser': [ '7.24.1' ],
395 silly audit   entities: [ '4.5.0' ],
395 silly audit   'estree-walker': [ '2.0.2' ],
395 silly audit   '@vue/compiler-ssr': [ '3.4.21' ],
395 silly audit   'magic-string': [ '0.30.8' ],
395 silly audit   '@vue/runtime-core': [ '3.4.21' ],
395 silly audit   csstype: [ '3.1.3' ],
395 silly audit   '@vue/reactivity': [ '3.4.21' ],
395 silly audit   '@jridgewell/sourcemap-codec': [ '1.4.15' ],
395 silly audit   '@volar/typescript': [ '1.11.1' ],
395 silly audit   '@vue/language-core': [ '1.8.27' ],
395 silly audit   semver: [ '7.6.0' ],
395 silly audit   '@volar/language-core': [ '1.11.1' ],
395 silly audit   'path-browserify': [ '1.0.1' ],
395 silly audit   '@volar/source-map': [ '1.11.1' ],
395 silly audit   'muggle-string': [ '0.3.1' ],
395 silly audit   computeds: [ '0.0.1' ],
395 silly audit   minimatch: [ '9.0.4' ],
395 silly audit   'vue-template-compiler': [ '2.7.16' ],
395 silly audit   'brace-expansion': [ '2.0.1' ],
395 silly audit   'balanced-match': [ '1.0.2' ],
395 silly audit   'lru-cache': [ '6.0.0' ],
395 silly audit   yallist: [ '4.0.0' ],
395 silly audit   'de-indent': [ '1.0.2' ],
395 silly audit   he: [ '1.2.0' ]
395 silly audit }
396 verbose reify failed optional dependency /home/node/node_modules/@rollup/rollup-win32-x64-msvc
397 silly reify mark deleted [ '/home/node/node_modules/@rollup/rollup-win32-x64-msvc' ]
398 verbose reify failed optional dependency /home/node/node_modules/@rollup/rollup-win32-ia32-msvc
399 silly reify mark deleted [ '/home/node/node_modules/@rollup/rollup-win32-ia32-msvc' ]
400 verbose reify failed optional dependency /home/node/node_modules/@rollup/rollup-win32-arm64-msvc
401 silly reify mark deleted [ '/home/node/node_modules/@rollup/rollup-win32-arm64-msvc' ]
402 verbose reify failed optional dependency /home/node/node_modules/@rollup/rollup-linux-x64-musl
403 silly reify mark deleted [ '/home/node/node_modules/@rollup/rollup-linux-x64-musl' ]
404 verbose reify failed optional dependency /home/node/node_modules/@rollup/rollup-linux-x64-gnu
405 silly reify mark deleted [ '/home/node/node_modules/@rollup/rollup-linux-x64-gnu' ]
406 verbose reify failed optional dependency /home/node/node_modules/@rollup/rollup-linux-s390x-gnu
407 silly reify mark deleted [ '/home/node/node_modules/@rollup/rollup-linux-s390x-gnu' ]
408 verbose reify failed optional dependency /home/node/node_modules/@rollup/rollup-linux-riscv64-gnu
409 silly reify mark deleted [ '/home/node/node_modules/@rollup/rollup-linux-riscv64-gnu' ]
410 verbose reify failed optional dependency /home/node/node_modules/@rollup/rollup-linux-powerpc64le-gnu
411 silly reify mark deleted [ '/home/node/node_modules/@rollup/rollup-linux-powerpc64le-gnu' ]
412 verbose reify failed optional dependency /home/node/node_modules/@rollup/rollup-linux-arm-gnueabihf
413 silly reify mark deleted [ '/home/node/node_modules/@rollup/rollup-linux-arm-gnueabihf' ]
414 verbose reify failed optional dependency /home/node/node_modules/@rollup/rollup-darwin-x64
415 silly reify mark deleted [ '/home/node/node_modules/@rollup/rollup-darwin-x64' ]
416 verbose reify failed optional dependency /home/node/node_modules/@rollup/rollup-darwin-arm64
417 silly reify mark deleted [ '/home/node/node_modules/@rollup/rollup-darwin-arm64' ]
418 verbose reify failed optional dependency /home/node/node_modules/@rollup/rollup-android-arm64
419 silly reify mark deleted [ '/home/node/node_modules/@rollup/rollup-android-arm64' ]
420 verbose reify failed optional dependency /home/node/node_modules/@rollup/rollup-android-arm-eabi
421 silly reify mark deleted [ '/home/node/node_modules/@rollup/rollup-android-arm-eabi' ]
422 verbose reify failed optional dependency /home/node/node_modules/@esbuild/win32-x64
423 silly reify mark deleted [ '/home/node/node_modules/@esbuild/win32-x64' ]
424 verbose reify failed optional dependency /home/node/node_modules/@esbuild/win32-ia32
425 silly reify mark deleted [ '/home/node/node_modules/@esbuild/win32-ia32' ]
426 verbose reify failed optional dependency /home/node/node_modules/@esbuild/win32-arm64
427 silly reify mark deleted [ '/home/node/node_modules/@esbuild/win32-arm64' ]
428 verbose reify failed optional dependency /home/node/node_modules/@esbuild/sunos-x64
429 silly reify mark deleted [ '/home/node/node_modules/@esbuild/sunos-x64' ]
430 verbose reify failed optional dependency /home/node/node_modules/@esbuild/openbsd-x64
431 silly reify mark deleted [ '/home/node/node_modules/@esbuild/openbsd-x64' ]
432 verbose reify failed optional dependency /home/node/node_modules/@esbuild/netbsd-x64
433 silly reify mark deleted [ '/home/node/node_modules/@esbuild/netbsd-x64' ]
434 verbose reify failed optional dependency /home/node/node_modules/@esbuild/linux-x64
435 silly reify mark deleted [ '/home/node/node_modules/@esbuild/linux-x64' ]
436 verbose reify failed optional dependency /home/node/node_modules/@esbuild/linux-s390x
437 silly reify mark deleted [ '/home/node/node_modules/@esbuild/linux-s390x' ]
438 verbose reify failed optional dependency /home/node/node_modules/@esbuild/linux-riscv64
439 silly reify mark deleted [ '/home/node/node_modules/@esbuild/linux-riscv64' ]
440 verbose reify failed optional dependency /home/node/node_modules/@esbuild/linux-ppc64
441 silly reify mark deleted [ '/home/node/node_modules/@esbuild/linux-ppc64' ]
442 verbose reify failed optional dependency /home/node/node_modules/@esbuild/linux-mips64el
443 silly reify mark deleted [ '/home/node/node_modules/@esbuild/linux-mips64el' ]
444 verbose reify failed optional dependency /home/node/node_modules/@esbuild/linux-loong64
445 silly reify mark deleted [ '/home/node/node_modules/@esbuild/linux-loong64' ]
446 verbose reify failed optional dependency /home/node/node_modules/@esbuild/linux-ia32
447 silly reify mark deleted [ '/home/node/node_modules/@esbuild/linux-ia32' ]
448 verbose reify failed optional dependency /home/node/node_modules/@esbuild/linux-arm
449 silly reify mark deleted [ '/home/node/node_modules/@esbuild/linux-arm' ]
450 verbose reify failed optional dependency /home/node/node_modules/@esbuild/freebsd-x64
451 silly reify mark deleted [ '/home/node/node_modules/@esbuild/freebsd-x64' ]
452 verbose reify failed optional dependency /home/node/node_modules/@esbuild/freebsd-arm64
453 silly reify mark deleted [ '/home/node/node_modules/@esbuild/freebsd-arm64' ]
454 verbose reify failed optional dependency /home/node/node_modules/@esbuild/darwin-x64
455 silly reify mark deleted [ '/home/node/node_modules/@esbuild/darwin-x64' ]
456 verbose reify failed optional dependency /home/node/node_modules/@esbuild/darwin-arm64
457 silly reify mark deleted [ '/home/node/node_modules/@esbuild/darwin-arm64' ]
458 verbose reify failed optional dependency /home/node/node_modules/@esbuild/android-x64
459 silly reify mark deleted [ '/home/node/node_modules/@esbuild/android-x64' ]
460 verbose reify failed optional dependency /home/node/node_modules/@esbuild/android-arm64
461 silly reify mark deleted [ '/home/node/node_modules/@esbuild/android-arm64' ]
462 verbose reify failed optional dependency /home/node/node_modules/@esbuild/android-arm
463 silly reify mark deleted [ '/home/node/node_modules/@esbuild/android-arm' ]
464 verbose reify failed optional dependency /home/node/node_modules/@esbuild/aix-ppc64
465 silly reify mark deleted [ '/home/node/node_modules/@esbuild/aix-ppc64' ]
466 verbose reify failed optional dependency /home/node/node_modules/fsevents
467 silly reify mark deleted [ '/home/node/node_modules/fsevents' ]
468 timing reifyNode:node_modules/@rollup/rollup-win32-x64-msvc Completed in 38ms
469 timing reifyNode:node_modules/@rollup/rollup-win32-ia32-msvc Completed in 39ms
470 timing reifyNode:node_modules/@rollup/rollup-win32-arm64-msvc Completed in 39ms
471 timing reifyNode:node_modules/@rollup/rollup-linux-x64-musl Completed in 39ms
472 timing reifyNode:node_modules/@rollup/rollup-linux-x64-gnu Completed in 40ms
473 timing reifyNode:node_modules/@rollup/rollup-linux-s390x-gnu Completed in 40ms
474 timing reifyNode:node_modules/@rollup/rollup-linux-riscv64-gnu Completed in 41ms
475 timing reifyNode:node_modules/@rollup/rollup-linux-powerpc64le-gnu Completed in 41ms
476 timing reifyNode:node_modules/@rollup/rollup-linux-arm-gnueabihf Completed in 41ms
477 timing reifyNode:node_modules/@rollup/rollup-darwin-x64 Completed in 41ms
478 timing reifyNode:node_modules/@rollup/rollup-darwin-arm64 Completed in 41ms
479 timing reifyNode:node_modules/@rollup/rollup-android-arm64 Completed in 41ms
480 timing reifyNode:node_modules/@rollup/rollup-android-arm-eabi Completed in 41ms
481 timing reifyNode:node_modules/@esbuild/win32-x64 Completed in 41ms
482 timing reifyNode:node_modules/@esbuild/win32-ia32 Completed in 42ms
483 timing reifyNode:node_modules/@esbuild/win32-arm64 Completed in 42ms
484 timing reifyNode:node_modules/@esbuild/sunos-x64 Completed in 43ms
485 timing reifyNode:node_modules/@esbuild/openbsd-x64 Completed in 43ms
486 timing reifyNode:node_modules/@esbuild/netbsd-x64 Completed in 43ms
487 timing reifyNode:node_modules/@esbuild/linux-x64 Completed in 44ms
488 timing reifyNode:node_modules/@esbuild/linux-s390x Completed in 44ms
489 timing reifyNode:node_modules/@esbuild/linux-riscv64 Completed in 44ms
490 timing reifyNode:node_modules/@esbuild/linux-ppc64 Completed in 45ms
491 timing reifyNode:node_modules/@esbuild/linux-mips64el Completed in 45ms
492 timing reifyNode:node_modules/@esbuild/linux-loong64 Completed in 45ms
493 timing reifyNode:node_modules/@esbuild/linux-ia32 Completed in 46ms
494 timing reifyNode:node_modules/@esbuild/linux-arm Completed in 45ms
495 timing reifyNode:node_modules/@esbuild/freebsd-x64 Completed in 45ms
496 timing reifyNode:node_modules/@esbuild/freebsd-arm64 Completed in 46ms
497 timing reifyNode:node_modules/@esbuild/darwin-x64 Completed in 46ms
498 timing reifyNode:node_modules/@esbuild/darwin-arm64 Completed in 48ms
499 timing reifyNode:node_modules/@esbuild/android-x64 Completed in 49ms
500 timing reifyNode:node_modules/@esbuild/android-arm64 Completed in 49ms
501 timing reifyNode:node_modules/@esbuild/android-arm Completed in 49ms
502 timing reifyNode:node_modules/@esbuild/aix-ppc64 Completed in 50ms
503 timing reifyNode:node_modules/fsevents Completed in 50ms
504 silly tarball no local data for de-indent@https://registry.npmjs.org/de-indent/-/de-indent-1.0.2.tgz. Extracting by manifest.
505 silly tarball no local data for brace-expansion@https://registry.npmjs.org/brace-expansion/-/brace-expansion-2.0.1.tgz. Extracting by manifest.
506 silly tarball no local data for balanced-match@https://registry.npmjs.org/balanced-match/-/balanced-match-1.0.2.tgz. Extracting by manifest.
507 silly tarball no local data for computeds@https://registry.npmjs.org/computeds/-/computeds-0.0.1.tgz. Extracting by manifest.
508 silly tarball no local data for lru-cache@https://registry.npmjs.org/lru-cache/-/lru-cache-6.0.0.tgz. Extracting by manifest.
509 silly tarball no local data for vue-template-compiler@https://registry.npmjs.org/vue-template-compiler/-/vue-template-compiler-2.7.16.tgz. Extracting by manifest.
510 silly tarball no local data for he@https://registry.npmjs.org/he/-/he-1.2.0.tgz. Extracting by manifest.
511 silly tarball no local data for muggle-string@https://registry.npmjs.org/muggle-string/-/muggle-string-0.3.1.tgz. Extracting by manifest.
512 silly tarball no local data for yallist@https://registry.npmjs.org/yallist/-/yallist-4.0.0.tgz. Extracting by manifest.
513 silly tarball no local data for @volar/language-core@https://registry.npmjs.org/@volar/language-core/-/language-core-1.11.1.tgz. Extracting by manifest.
514 silly tarball no local data for @vue/reactivity@https://registry.npmjs.org/@vue/reactivity/-/reactivity-3.4.21.tgz. Extracting by manifest.
515 silly tarball no local data for minimatch@https://registry.npmjs.org/minimatch/-/minimatch-9.0.4.tgz. Extracting by manifest.
516 silly tarball no local data for @volar/source-map@https://registry.npmjs.org/@volar/source-map/-/source-map-1.11.1.tgz. Extracting by manifest.
517 silly tarball no local data for @volar/typescript@https://registry.npmjs.org/@volar/typescript/-/typescript-1.11.1.tgz. Extracting by manifest.
518 silly tarball no local data for @vue/language-core@https://registry.npmjs.org/@vue/language-core/-/language-core-1.8.27.tgz. Extracting by manifest.
519 silly tarball no local data for semver@https://registry.npmjs.org/semver/-/semver-7.6.0.tgz. Extracting by manifest.
520 silly tarball no local data for csstype@https://registry.npmjs.org/csstype/-/csstype-3.1.3.tgz. Extracting by manifest.
521 silly tarball no local data for @babel/parser@https://registry.npmjs.org/@babel/parser/-/parser-7.24.1.tgz. Extracting by manifest.
522 silly tarball no local data for @vue/runtime-core@https://registry.npmjs.org/@vue/runtime-core/-/runtime-core-3.4.21.tgz. Extracting by manifest.
523 silly tarball no local data for path-browserify@https://registry.npmjs.org/path-browserify/-/path-browserify-1.0.1.tgz. Extracting by manifest.
524 silly tarball no local data for @jridgewell/sourcemap-codec@https://registry.npmjs.org/@jridgewell/sourcemap-codec/-/sourcemap-codec-1.4.15.tgz. Extracting by manifest.
525 silly tarball no local data for @vue/shared@https://registry.npmjs.org/@vue/shared/-/shared-3.4.21.tgz. Extracting by manifest.
526 silly tarball no local data for magic-string@https://registry.npmjs.org/magic-string/-/magic-string-0.30.8.tgz. Extracting by manifest.
527 silly tarball no local data for @vue/compiler-ssr@https://registry.npmjs.org/@vue/compiler-ssr/-/compiler-ssr-3.4.21.tgz. Extracting by manifest.
528 silly tarball no local data for estree-walker@https://registry.npmjs.org/estree-walker/-/estree-walker-2.0.2.tgz. Extracting by manifest.
529 silly tarball no local data for entities@https://registry.npmjs.org/entities/-/entities-4.5.0.tgz. Extracting by manifest.
530 silly tarball no local data for @vue/compiler-dom@https://registry.npmjs.org/@vue/compiler-dom/-/compiler-dom-3.4.21.tgz. Extracting by manifest.
531 silly tarball no local data for @vue/compiler-sfc@https://registry.npmjs.org/@vue/compiler-sfc/-/compiler-sfc-3.4.21.tgz. Extracting by manifest.
532 silly tarball no local data for @vue/server-renderer@https://registry.npmjs.org/@vue/server-renderer/-/server-renderer-3.4.21.tgz. Extracting by manifest.
533 silly tarball no local data for source-map-js@https://registry.npmjs.org/source-map-js/-/source-map-js-1.2.0.tgz. Extracting by manifest.
534 silly tarball no local data for @rollup/rollup-linux-arm64-gnu@https://registry.npmjs.org/@rollup/rollup-linux-arm64-gnu/-/rollup-linux-arm64-gnu-4.13.2.tgz. Extracting by manifest.
535 silly tarball no local data for @rollup/rollup-linux-arm64-musl@https://registry.npmjs.org/@rollup/rollup-linux-arm64-musl/-/rollup-linux-arm64-musl-4.13.2.tgz. Extracting by manifest.
536 silly tarball no local data for @vue/runtime-dom@https://registry.npmjs.org/@vue/runtime-dom/-/runtime-dom-3.4.21.tgz. Extracting by manifest.
537 silly tarball no local data for @esbuild/linux-arm64@https://registry.npmjs.org/@esbuild/linux-arm64/-/linux-arm64-0.20.2.tgz. Extracting by manifest.
538 silly tarball no local data for @types/estree@https://registry.npmjs.org/@types/estree/-/estree-1.0.5.tgz. Extracting by manifest.
539 silly tarball no local data for nanoid@https://registry.npmjs.org/nanoid/-/nanoid-3.3.7.tgz. Extracting by manifest.
540 silly tarball no local data for @vue/compiler-core@https://registry.npmjs.org/@vue/compiler-core/-/compiler-core-3.4.21.tgz. Extracting by manifest.
541 silly tarball no local data for vue@https://registry.npmjs.org/vue/-/vue-3.4.21.tgz. Extracting by manifest.
542 silly tarball no local data for vue-tsc@https://registry.npmjs.org/vue-tsc/-/vue-tsc-1.8.27.tgz. Extracting by manifest.
543 silly tarball no local data for picocolors@https://registry.npmjs.org/picocolors/-/picocolors-1.0.0.tgz. Extracting by manifest.
544 silly tarball no local data for postcss@https://registry.npmjs.org/postcss/-/postcss-8.4.38.tgz. Extracting by manifest.
545 silly tarball no local data for @vitejs/plugin-vue@https://registry.npmjs.org/@vitejs/plugin-vue/-/plugin-vue-5.0.4.tgz. Extracting by manifest.
546 silly tarball no local data for typescript@https://registry.npmjs.org/typescript/-/typescript-5.4.3.tgz. Extracting by manifest.
547 silly tarball no local data for esbuild@https://registry.npmjs.org/esbuild/-/esbuild-0.20.2.tgz. Extracting by manifest.
548 silly tarball no local data for rollup@https://registry.npmjs.org/rollup/-/rollup-4.13.2.tgz. Extracting by manifest.
549 silly tarball no local data for vite@https://registry.npmjs.org/vite/-/vite-5.2.7.tgz. Extracting by manifest.
550 http fetch POST 200 https://registry.npmjs.org/-/npm/v1/security/advisories/bulk 332ms
551 timing auditReport:getReport Completed in 336ms
552 silly audit report {}
553 timing auditReport:init Completed in 0ms
554 timing reify:audit Completed in 341ms
555 http fetch GET 200 https://registry.npmjs.org/de-indent/-/de-indent-1.0.2.tgz 978ms (cache miss)
556 timing reifyNode:node_modules/de-indent Completed in 1058ms
557 http fetch GET 200 https://registry.npmjs.org/brace-expansion/-/brace-expansion-2.0.1.tgz 1174ms (cache miss)
558 timing reifyNode:node_modules/brace-expansion Completed in 1256ms
559 http fetch GET 200 https://registry.npmjs.org/balanced-match/-/balanced-match-1.0.2.tgz 1305ms (cache miss)
560 timing reifyNode:node_modules/balanced-match Completed in 1394ms
561 http fetch GET 200 https://registry.npmjs.org/yallist/-/yallist-4.0.0.tgz 1335ms (cache miss)
562 timing reifyNode:node_modules/yallist Completed in 1425ms
563 http fetch GET 200 https://registry.npmjs.org/@volar/source-map/-/source-map-1.11.1.tgz 1427ms (cache miss)
564 timing reifyNode:node_modules/@volar/source-map Completed in 1521ms
565 http fetch GET 200 https://registry.npmjs.org/muggle-string/-/muggle-string-0.3.1.tgz 1446ms (cache miss)
566 http fetch GET 200 https://registry.npmjs.org/@jridgewell/sourcemap-codec/-/sourcemap-codec-1.4.15.tgz 1452ms (cache miss)
567 http fetch GET 200 https://registry.npmjs.org/lru-cache/-/lru-cache-6.0.0.tgz 1479ms (cache miss)
568 timing reifyNode:node_modules/lru-cache Completed in 1564ms
569 timing reifyNode:node_modules/muggle-string Completed in 1565ms
570 http fetch GET 200 https://registry.npmjs.org/path-browserify/-/path-browserify-1.0.1.tgz 1477ms (cache miss)
571 http fetch GET 200 https://registry.npmjs.org/@vue/compiler-ssr/-/compiler-ssr-3.4.21.tgz 1480ms (cache miss)
572 timing reifyNode:node_modules/@vue/compiler-ssr Completed in 1582ms
573 http fetch GET 200 https://registry.npmjs.org/nanoid/-/nanoid-3.3.7.tgz 1485ms (cache miss)
574 http fetch GET 200 https://registry.npmjs.org/estree-walker/-/estree-walker-2.0.2.tgz 1500ms (cache miss)
575 http fetch GET 200 https://registry.npmjs.org/@vue/shared/-/shared-3.4.21.tgz 1506ms (cache miss)
576 http fetch GET 200 https://registry.npmjs.org/he/-/he-1.2.0.tgz 1524ms (cache miss)
577 http fetch GET 200 https://registry.npmjs.org/@volar/language-core/-/language-core-1.11.1.tgz 1535ms (cache miss)
578 http fetch GET 200 https://registry.npmjs.org/picocolors/-/picocolors-1.0.0.tgz 1510ms (cache miss)
579 timing reifyNode:node_modules/picocolors Completed in 1629ms
580 http fetch GET 200 https://registry.npmjs.org/@types/estree/-/estree-1.0.5.tgz 1539ms (cache miss)
581 timing reifyNode:node_modules/@types/estree Completed in 1650ms
582 timing reifyNode:node_modules/@volar/language-core Completed in 1666ms
583 http fetch GET 200 https://registry.npmjs.org/vue-tsc/-/vue-tsc-1.8.27.tgz 1588ms (cache miss)
584 timing reifyNode:node_modules/he Completed in 1706ms
585 timing reifyNode:node_modules/vue-tsc Completed in 1753ms
586 timing reifyNode:node_modules/@jridgewell/sourcemap-codec Completed in 1802ms
587 timing reifyNode:node_modules/@vue/shared Completed in 1827ms
588 http fetch GET 200 https://registry.npmjs.org/computeds/-/computeds-0.0.1.tgz 1757ms (cache miss)
589 http fetch GET 200 https://registry.npmjs.org/esbuild/-/esbuild-0.20.2.tgz 1807ms (cache miss)
590 timing reifyNode:node_modules/computeds Completed in 1943ms
591 timing reifyNode:node_modules/esbuild Completed in 1969ms
592 http fetch GET 200 https://registry.npmjs.org/@vitejs/plugin-vue/-/plugin-vue-5.0.4.tgz 1852ms (cache miss)
593 http fetch GET 200 https://registry.npmjs.org/@vue/reactivity/-/reactivity-3.4.21.tgz 1904ms (cache miss)
594 timing reifyNode:node_modules/@vitejs/plugin-vue Completed in 2011ms
595 timing reifyNode:node_modules/@vue/reactivity Completed in 2037ms
596 http fetch GET 200 https://registry.npmjs.org/source-map-js/-/source-map-js-1.2.0.tgz 1937ms (cache miss)
597 timing reifyNode:node_modules/path-browserify Completed in 2046ms
598 timing reifyNode:node_modules/estree-walker Completed in 2094ms
599 timing reifyNode:node_modules/source-map-js Completed in 2172ms
600 timing reifyNode:node_modules/nanoid Completed in 2328ms
601 http fetch GET 200 https://registry.npmjs.org/@vue/server-renderer/-/server-renderer-3.4.21.tgz 2347ms (cache miss)
602 http fetch GET 200 https://registry.npmjs.org/@volar/typescript/-/typescript-1.11.1.tgz 2438ms (cache miss)
603 timing reifyNode:node_modules/@vue/server-renderer Completed in 2552ms
604 http fetch GET 200 https://registry.npmjs.org/vue-template-compiler/-/vue-template-compiler-2.7.16.tgz 2474ms (cache miss)
605 timing reifyNode:node_modules/@volar/typescript Completed in 2592ms
606 timing reifyNode:node_modules/vue-template-compiler Completed in 2613ms
607 http fetch GET 200 https://registry.npmjs.org/magic-string/-/magic-string-0.30.8.tgz 2537ms (cache miss)
608 timing reifyNode:node_modules/magic-string Completed in 2691ms
609 http fetch GET 200 https://registry.npmjs.org/@vue/compiler-core/-/compiler-core-3.4.21.tgz 2748ms (cache miss)
610 timing reifyNode:node_modules/@vue/compiler-core Completed in 2878ms
611 http fetch GET 200 https://registry.npmjs.org/semver/-/semver-7.6.0.tgz 2841ms (cache miss)
612 timing reifyNode:node_modules/semver Completed in 2962ms
613 http fetch GET 200 https://registry.npmjs.org/@vue/compiler-dom/-/compiler-dom-3.4.21.tgz 2912ms (cache miss)
614 timing reifyNode:node_modules/@vue/compiler-dom Completed in 3121ms
615 http fetch GET 200 https://registry.npmjs.org/@vue/runtime-core/-/runtime-core-3.4.21.tgz 3068ms (cache miss)
616 timing reifyNode:node_modules/@vue/runtime-core Completed in 3167ms
617 http fetch GET 200 https://registry.npmjs.org/postcss/-/postcss-8.4.38.tgz 3068ms (cache miss)
618 timing reifyNode:node_modules/postcss Completed in 3239ms
619 http fetch GET 200 https://registry.npmjs.org/csstype/-/csstype-3.1.3.tgz 3184ms (cache miss)
620 timing reifyNode:node_modules/csstype Completed in 3296ms
621 http fetch GET 200 https://registry.npmjs.org/@vue/runtime-dom/-/runtime-dom-3.4.21.tgz 3196ms (cache miss)
622 timing reifyNode:node_modules/@vue/runtime-dom Completed in 3324ms
623 http fetch GET 200 https://registry.npmjs.org/minimatch/-/minimatch-9.0.4.tgz 3325ms (cache miss)
624 http fetch GET 200 https://registry.npmjs.org/@vue/language-core/-/language-core-1.8.27.tgz 3323ms (cache miss)
625 timing reifyNode:node_modules/minimatch Completed in 3439ms
626 timing reifyNode:node_modules/@vue/language-core Completed in 3440ms
627 http fetch GET 200 https://registry.npmjs.org/entities/-/entities-4.5.0.tgz 3361ms (cache miss)
628 timing reifyNode:node_modules/entities Completed in 3473ms
629 http fetch GET 200 https://registry.npmjs.org/@babel/parser/-/parser-7.24.1.tgz 3800ms (cache miss)
630 timing reifyNode:node_modules/@babel/parser Completed in 3897ms
631 http fetch GET 200 https://registry.npmjs.org/@vue/compiler-sfc/-/compiler-sfc-3.4.21.tgz 3808ms (cache miss)
632 timing reifyNode:node_modules/@vue/compiler-sfc Completed in 3932ms
633 http fetch GET 200 https://registry.npmjs.org/@rollup/rollup-linux-arm64-gnu/-/rollup-linux-arm64-gnu-4.13.2.tgz 3905ms (cache miss)
634 timing reifyNode:node_modules/@rollup/rollup-linux-arm64-gnu Completed in 4016ms
635 http fetch GET 200 https://registry.npmjs.org/@rollup/rollup-linux-arm64-musl/-/rollup-linux-arm64-musl-4.13.2.tgz 3931ms (cache miss)
636 timing reifyNode:node_modules/@rollup/rollup-linux-arm64-musl Completed in 4041ms
637 http fetch GET 200 https://registry.npmjs.org/vue/-/vue-3.4.21.tgz 3941ms (cache miss)
638 timing reifyNode:node_modules/vue Completed in 4069ms
639 http fetch GET 200 https://registry.npmjs.org/rollup/-/rollup-4.13.2.tgz 3939ms (cache miss)
640 timing reifyNode:node_modules/rollup Completed in 4081ms
641 http fetch GET 200 https://registry.npmjs.org/vite/-/vite-5.2.7.tgz 4167ms (cache miss)
642 timing reifyNode:node_modules/vite Completed in 4304ms
643 http fetch GET 200 https://registry.npmjs.org/@esbuild/linux-arm64/-/linux-arm64-0.20.2.tgz 4727ms (cache miss)
644 timing reifyNode:node_modules/@esbuild/linux-arm64 Completed in 4837ms
645 http fetch GET 200 https://registry.npmjs.org/typescript/-/typescript-5.4.3.tgz 6684ms (cache miss)
646 timing reifyNode:node_modules/typescript Completed in 6808ms
647 timing reify:unpack Completed in 6816ms
648 timing reify:unretire Completed in 1ms
649 timing build:queue Completed in 38ms
650 timing build:link:node_modules/@babel/parser Completed in 34ms
651 timing build:link:node_modules/vue-tsc Completed in 35ms
652 timing build:link:node_modules/typescript Completed in 36ms
653 timing build:link:node_modules/rollup Completed in 41ms
654 timing build:link:node_modules/semver Completed in 41ms
655 timing build:link:node_modules/esbuild Completed in 43ms
656 timing build:link:node_modules/vite Completed in 43ms
657 timing build:link:node_modules/he Completed in 44ms
658 timing build:link:node_modules/nanoid Completed in 45ms
659 timing build:link Completed in 46ms
660 info run esbuild@0.20.2 postinstall node_modules/esbuild node install.js
661 info run esbuild@0.20.2 postinstall { code: 0, signal: null }
662 timing build:run:postinstall:node_modules/esbuild Completed in 414ms
663 timing build:run:postinstall Completed in 414ms
664 timing build:deps Completed in 501ms
665 timing build Completed in 502ms
666 timing reify:build Completed in 502ms
667 timing reify:trash Completed in 21ms
668 timing reify:save Completed in 31ms
669 timing reify Completed in 12464ms
670 silly ADD node_modules/he
671 silly ADD node_modules/de-indent
672 silly ADD node_modules/yallist
673 silly ADD node_modules/lru-cache
674 silly ADD node_modules/balanced-match
675 silly ADD node_modules/brace-expansion
676 silly ADD node_modules/vue-template-compiler
677 silly ADD node_modules/minimatch
678 silly ADD node_modules/computeds
679 silly ADD node_modules/muggle-string
680 silly ADD node_modules/@volar/source-map
681 silly ADD node_modules/path-browserify
682 silly ADD node_modules/@volar/language-core
683 silly ADD node_modules/semver
684 silly ADD node_modules/@vue/language-core
685 silly ADD node_modules/@volar/typescript
686 silly ADD node_modules/@jridgewell/sourcemap-codec
687 silly ADD node_modules/@vue/reactivity
688 silly ADD node_modules/csstype
689 silly ADD node_modules/@vue/runtime-core
690 silly ADD node_modules/magic-string
691 silly ADD node_modules/@vue/compiler-ssr
692 silly ADD node_modules/estree-walker
693 silly ADD node_modules/entities
694 silly ADD node_modules/@babel/parser
695 silly ADD node_modules/@vue/compiler-core
696 silly ADD node_modules/@vue/shared
697 silly ADD node_modules/@vue/server-renderer
698 silly ADD node_modules/@vue/runtime-dom
699 silly ADD node_modules/@vue/compiler-sfc
700 silly ADD node_modules/@vue/compiler-dom
701 silly ADD node_modules/@types/estree
702 silly ADD
703 silly ADD
704 silly ADD
705 silly ADD
706 silly ADD
707 silly ADD
708 silly ADD
709 silly ADD
710 silly ADD node_modules/@rollup/rollup-linux-arm64-musl
711 silly ADD node_modules/@rollup/rollup-linux-arm64-gnu
712 silly ADD
713 silly ADD
714 silly ADD
715 silly ADD
716 silly ADD
717 silly ADD node_modules/source-map-js
718 silly ADD node_modules/picocolors
719 silly ADD node_modules/nanoid
720 silly ADD
721 silly ADD
722 silly ADD
723 silly ADD
724 silly ADD
725 silly ADD
726 silly ADD
727 silly ADD
728 silly ADD
729 silly ADD
730 silly ADD
731 silly ADD
732 silly ADD
733 silly ADD node_modules/@esbuild/linux-arm64
734 silly ADD
735 silly ADD
736 silly ADD
737 silly ADD
738 silly ADD
739 silly ADD
740 silly ADD
741 silly ADD
742 silly ADD
743 silly ADD node_modules/rollup
744 silly ADD node_modules/postcss
745 silly ADD
746 silly ADD node_modules/esbuild
747 silly ADD node_modules/vue-tsc
748 silly ADD node_modules/typescript
749 silly ADD node_modules/vue
750 silly ADD node_modules/vite
751 silly ADD node_modules/@vitejs/plugin-vue
752 timing command:install Completed in 12511ms
753 notice
753 notice New major version of npm available! 9.6.4 -> 10.5.0
753 notice Changelog: <https://github.com/npm/cli/releases/tag/v10.5.0>
753 notice Run `npm install -g npm@10.5.0` to update!
753 notice
754 verbose exit 0
755 timing npm Completed in 12623ms
756 info ok
