0 verbose cli /usr/local/bin/node /usr/local/bin/npm
1 info using npm@9.6.4
2 info using node@v20.0.0
3 timing npm:load:whichnode Completed in 7ms
4 timing config:load:defaults Completed in 1ms
5 timing config:load:file:/usr/local/lib/node_modules/npm/npmrc Completed in 0ms
6 timing config:load:builtin Completed in 0ms
7 timing config:load:cli Completed in 1ms
8 timing config:load:env Completed in 0ms
9 timing config:load:file:/home/node/front/.npmrc Completed in 1ms
10 timing config:load:project Completed in 4ms
11 timing config:load:file:/home/node/.npmrc Completed in 1ms
12 timing config:load:user Completed in 2ms
13 timing config:load:file:/usr/local/etc/npmrc Completed in 0ms
14 timing config:load:global Completed in 0ms
15 timing config:load:setEnvs Completed in 1ms
16 timing config:load Completed in 9ms
17 timing npm:load:configload Completed in 11ms
18 timing npm:load:mkdirpcache Completed in 6ms
19 timing npm:load:mkdirplogs Completed in 8ms
20 verbose title npm install
21 verbose argv "install"
22 timing npm:load:setTitle Completed in 2ms
23 timing config:load:flatten Completed in 3ms
24 timing npm:load:display Completed in 4ms
25 verbose logfile logs-max:10 dir:/home/node/.npm/_logs/2024-04-02T13_10_00_451Z-
26 verbose logfile /home/node/.npm/_logs/2024-04-02T13_10_00_451Z-debug-0.log
27 timing npm:load:logFile Completed in 23ms
28 timing npm:load:timers Completed in 0ms
29 timing npm:load:configScope Completed in 0ms
30 timing npm:load Completed in 63ms
31 timing arborist:ctor Completed in 1ms
32 silly logfile done cleaning log files
33 verbose shrinkwrap failed to load node_modules/.package-lock.json out of date, updated: node_modules
34 timing idealTree:init Completed in 121ms
35 timing idealTree:userRequests Completed in 0ms
36 silly idealTree buildDeps
37 timing idealTree:#root Completed in 0ms
38 timing idealTree:buildDeps Completed in 1ms
39 timing idealTree:fixDepFlags Completed in 0ms
40 timing idealTree Completed in 127ms
41 timing reify:loadTrees Completed in 241ms
42 timing reify:diffTrees Completed in 12ms
43 silly reify moves {}
44 timing reify:retireShallow Completed in 6ms
45 timing reify:createSparse Completed in 47ms
46 timing reify:loadBundles Completed in 0ms
47 silly audit bulk request {
47 silly audit   '@babel/parser': [ '7.24.1' ],
47 silly audit   '@esbuild/aix-ppc64': [ '0.20.2' ],
47 silly audit   '@esbuild/android-arm': [ '0.20.2' ],
47 silly audit   '@esbuild/android-arm64': [ '0.20.2' ],
47 silly audit   '@esbuild/android-x64': [ '0.20.2' ],
47 silly audit   '@esbuild/darwin-arm64': [ '0.20.2' ],
47 silly audit   '@esbuild/darwin-x64': [ '0.20.2' ],
47 silly audit   '@esbuild/freebsd-arm64': [ '0.20.2' ],
47 silly audit   '@esbuild/freebsd-x64': [ '0.20.2' ],
47 silly audit   '@esbuild/linux-arm': [ '0.20.2' ],
47 silly audit   '@esbuild/linux-arm64': [ '0.20.2' ],
47 silly audit   '@esbuild/linux-ia32': [ '0.20.2' ],
47 silly audit   '@esbuild/linux-loong64': [ '0.20.2' ],
47 silly audit   '@esbuild/linux-mips64el': [ '0.20.2' ],
47 silly audit   '@esbuild/linux-ppc64': [ '0.20.2' ],
47 silly audit   '@esbuild/linux-riscv64': [ '0.20.2' ],
47 silly audit   '@esbuild/linux-s390x': [ '0.20.2' ],
47 silly audit   '@esbuild/linux-x64': [ '0.20.2' ],
47 silly audit   '@esbuild/netbsd-x64': [ '0.20.2' ],
47 silly audit   '@esbuild/openbsd-x64': [ '0.20.2' ],
47 silly audit   '@esbuild/sunos-x64': [ '0.20.2' ],
47 silly audit   '@esbuild/win32-arm64': [ '0.20.2' ],
47 silly audit   '@esbuild/win32-ia32': [ '0.20.2' ],
47 silly audit   '@esbuild/win32-x64': [ '0.20.2' ],
47 silly audit   '@jridgewell/sourcemap-codec': [ '1.4.15' ],
47 silly audit   '@rollup/rollup-android-arm-eabi': [ '4.13.2' ],
47 silly audit   '@rollup/rollup-android-arm64': [ '4.13.2' ],
47 silly audit   '@rollup/rollup-darwin-arm64': [ '4.13.2' ],
47 silly audit   '@rollup/rollup-darwin-x64': [ '4.13.2' ],
47 silly audit   '@rollup/rollup-linux-arm-gnueabihf': [ '4.13.2' ],
47 silly audit   '@rollup/rollup-linux-arm64-gnu': [ '4.13.2' ],
47 silly audit   '@rollup/rollup-linux-arm64-musl': [ '4.13.2' ],
47 silly audit   '@rollup/rollup-linux-powerpc64le-gnu': [ '4.13.2' ],
47 silly audit   '@rollup/rollup-linux-riscv64-gnu': [ '4.13.2' ],
47 silly audit   '@rollup/rollup-linux-s390x-gnu': [ '4.13.2' ],
47 silly audit   '@rollup/rollup-linux-x64-gnu': [ '4.13.2' ],
47 silly audit   '@rollup/rollup-linux-x64-musl': [ '4.13.2' ],
47 silly audit   '@rollup/rollup-win32-arm64-msvc': [ '4.13.2' ],
47 silly audit   '@rollup/rollup-win32-ia32-msvc': [ '4.13.2' ],
47 silly audit   '@rollup/rollup-win32-x64-msvc': [ '4.13.2' ],
47 silly audit   '@types/estree': [ '1.0.5' ],
47 silly audit   '@vitejs/plugin-vue': [ '5.0.4' ],
47 silly audit   '@volar/language-core': [ '1.11.1' ],
47 silly audit   '@volar/source-map': [ '1.11.1' ],
47 silly audit   '@volar/typescript': [ '1.11.1' ],
47 silly audit   '@vue/compiler-core': [ '3.4.21' ],
47 silly audit   '@vue/compiler-dom': [ '3.4.21' ],
47 silly audit   '@vue/compiler-sfc': [ '3.4.21' ],
47 silly audit   '@vue/compiler-ssr': [ '3.4.21' ],
47 silly audit   '@vue/language-core': [ '1.8.27' ],
47 silly audit   '@vue/reactivity': [ '3.4.21' ],
47 silly audit   '@vue/runtime-core': [ '3.4.21' ],
47 silly audit   '@vue/runtime-dom': [ '3.4.21' ],
47 silly audit   '@vue/server-renderer': [ '3.4.21' ],
47 silly audit   '@vue/shared': [ '3.4.21' ],
47 silly audit   'balanced-match': [ '1.0.2' ],
47 silly audit   'brace-expansion': [ '2.0.1' ],
47 silly audit   computeds: [ '0.0.1' ],
47 silly audit   csstype: [ '3.1.3' ],
47 silly audit   'de-indent': [ '1.0.2' ],
47 silly audit   entities: [ '4.5.0' ],
47 silly audit   esbuild: [ '0.20.2' ],
47 silly audit   'estree-walker': [ '2.0.2' ],
47 silly audit   fsevents: [ '2.3.3' ],
47 silly audit   he: [ '1.2.0' ],
47 silly audit   'lru-cache': [ '6.0.0' ],
47 silly audit   'magic-string': [ '0.30.8' ],
47 silly audit   minimatch: [ '9.0.4' ],
47 silly audit   'muggle-string': [ '0.3.1' ],
47 silly audit   nanoid: [ '3.3.7' ],
47 silly audit   'path-browserify': [ '1.0.1' ],
47 silly audit   picocolors: [ '1.0.0' ],
47 silly audit   postcss: [ '8.4.38' ],
47 silly audit   rollup: [ '4.13.2' ],
47 silly audit   semver: [ '7.6.0' ],
47 silly audit   'source-map-js': [ '1.2.0' ],
47 silly audit   typescript: [ '5.4.3' ],
47 silly audit   vite: [ '5.2.7' ],
47 silly audit   vue: [ '3.4.21' ],
47 silly audit   'vue-template-compiler': [ '2.7.16' ],
47 silly audit   'vue-tsc': [ '1.8.27' ],
47 silly audit   yallist: [ '4.0.0' ]
47 silly audit }
48 verbose reify failed optional dependency /home/node/front/node_modules/fsevents
49 silly reify mark deleted [ '/home/node/front/node_modules/fsevents' ]
50 verbose reify failed optional dependency /home/node/front/node_modules/@rollup/rollup-win32-x64-msvc
51 silly reify mark deleted [ '/home/node/front/node_modules/@rollup/rollup-win32-x64-msvc' ]
52 verbose reify failed optional dependency /home/node/front/node_modules/@rollup/rollup-win32-ia32-msvc
53 silly reify mark deleted [ '/home/node/front/node_modules/@rollup/rollup-win32-ia32-msvc' ]
54 verbose reify failed optional dependency /home/node/front/node_modules/@rollup/rollup-win32-arm64-msvc
55 silly reify mark deleted [ '/home/node/front/node_modules/@rollup/rollup-win32-arm64-msvc' ]
56 verbose reify failed optional dependency /home/node/front/node_modules/@rollup/rollup-linux-x64-musl
57 silly reify mark deleted [ '/home/node/front/node_modules/@rollup/rollup-linux-x64-musl' ]
58 verbose reify failed optional dependency /home/node/front/node_modules/@rollup/rollup-linux-x64-gnu
59 silly reify mark deleted [ '/home/node/front/node_modules/@rollup/rollup-linux-x64-gnu' ]
60 verbose reify failed optional dependency /home/node/front/node_modules/@rollup/rollup-linux-s390x-gnu
61 silly reify mark deleted [ '/home/node/front/node_modules/@rollup/rollup-linux-s390x-gnu' ]
62 verbose reify failed optional dependency /home/node/front/node_modules/@rollup/rollup-linux-riscv64-gnu
63 silly reify mark deleted [ '/home/node/front/node_modules/@rollup/rollup-linux-riscv64-gnu' ]
64 verbose reify failed optional dependency /home/node/front/node_modules/@rollup/rollup-linux-powerpc64le-gnu
65 silly reify mark deleted [
65 silly reify   '/home/node/front/node_modules/@rollup/rollup-linux-powerpc64le-gnu'
65 silly reify ]
66 verbose reify failed optional dependency /home/node/front/node_modules/@rollup/rollup-linux-arm-gnueabihf
67 silly reify mark deleted [ '/home/node/front/node_modules/@rollup/rollup-linux-arm-gnueabihf' ]
68 verbose reify failed optional dependency /home/node/front/node_modules/@rollup/rollup-darwin-x64
69 silly reify mark deleted [ '/home/node/front/node_modules/@rollup/rollup-darwin-x64' ]
70 verbose reify failed optional dependency /home/node/front/node_modules/@rollup/rollup-darwin-arm64
71 silly reify mark deleted [ '/home/node/front/node_modules/@rollup/rollup-darwin-arm64' ]
72 verbose reify failed optional dependency /home/node/front/node_modules/@rollup/rollup-android-arm64
73 silly reify mark deleted [ '/home/node/front/node_modules/@rollup/rollup-android-arm64' ]
74 verbose reify failed optional dependency /home/node/front/node_modules/@rollup/rollup-android-arm-eabi
75 silly reify mark deleted [ '/home/node/front/node_modules/@rollup/rollup-android-arm-eabi' ]
76 verbose reify failed optional dependency /home/node/front/node_modules/@esbuild/win32-x64
77 silly reify mark deleted [ '/home/node/front/node_modules/@esbuild/win32-x64' ]
78 verbose reify failed optional dependency /home/node/front/node_modules/@esbuild/win32-ia32
79 silly reify mark deleted [ '/home/node/front/node_modules/@esbuild/win32-ia32' ]
80 verbose reify failed optional dependency /home/node/front/node_modules/@esbuild/win32-arm64
81 silly reify mark deleted [ '/home/node/front/node_modules/@esbuild/win32-arm64' ]
82 verbose reify failed optional dependency /home/node/front/node_modules/@esbuild/sunos-x64
83 silly reify mark deleted [ '/home/node/front/node_modules/@esbuild/sunos-x64' ]
84 verbose reify failed optional dependency /home/node/front/node_modules/@esbuild/openbsd-x64
85 silly reify mark deleted [ '/home/node/front/node_modules/@esbuild/openbsd-x64' ]
86 verbose reify failed optional dependency /home/node/front/node_modules/@esbuild/netbsd-x64
87 silly reify mark deleted [ '/home/node/front/node_modules/@esbuild/netbsd-x64' ]
88 verbose reify failed optional dependency /home/node/front/node_modules/@esbuild/linux-x64
89 silly reify mark deleted [ '/home/node/front/node_modules/@esbuild/linux-x64' ]
90 verbose reify failed optional dependency /home/node/front/node_modules/@esbuild/linux-s390x
91 silly reify mark deleted [ '/home/node/front/node_modules/@esbuild/linux-s390x' ]
92 verbose reify failed optional dependency /home/node/front/node_modules/@esbuild/linux-riscv64
93 silly reify mark deleted [ '/home/node/front/node_modules/@esbuild/linux-riscv64' ]
94 verbose reify failed optional dependency /home/node/front/node_modules/@esbuild/linux-ppc64
95 silly reify mark deleted [ '/home/node/front/node_modules/@esbuild/linux-ppc64' ]
96 verbose reify failed optional dependency /home/node/front/node_modules/@esbuild/linux-mips64el
97 silly reify mark deleted [ '/home/node/front/node_modules/@esbuild/linux-mips64el' ]
98 verbose reify failed optional dependency /home/node/front/node_modules/@esbuild/linux-loong64
99 silly reify mark deleted [ '/home/node/front/node_modules/@esbuild/linux-loong64' ]
100 verbose reify failed optional dependency /home/node/front/node_modules/@esbuild/linux-ia32
101 silly reify mark deleted [ '/home/node/front/node_modules/@esbuild/linux-ia32' ]
102 verbose reify failed optional dependency /home/node/front/node_modules/@esbuild/linux-arm
103 silly reify mark deleted [ '/home/node/front/node_modules/@esbuild/linux-arm' ]
104 verbose reify failed optional dependency /home/node/front/node_modules/@esbuild/freebsd-x64
105 silly reify mark deleted [ '/home/node/front/node_modules/@esbuild/freebsd-x64' ]
106 verbose reify failed optional dependency /home/node/front/node_modules/@esbuild/freebsd-arm64
107 silly reify mark deleted [ '/home/node/front/node_modules/@esbuild/freebsd-arm64' ]
108 verbose reify failed optional dependency /home/node/front/node_modules/@esbuild/darwin-x64
109 silly reify mark deleted [ '/home/node/front/node_modules/@esbuild/darwin-x64' ]
110 verbose reify failed optional dependency /home/node/front/node_modules/@esbuild/darwin-arm64
111 silly reify mark deleted [ '/home/node/front/node_modules/@esbuild/darwin-arm64' ]
112 verbose reify failed optional dependency /home/node/front/node_modules/@esbuild/android-x64
113 silly reify mark deleted [ '/home/node/front/node_modules/@esbuild/android-x64' ]
114 verbose reify failed optional dependency /home/node/front/node_modules/@esbuild/android-arm64
115 silly reify mark deleted [ '/home/node/front/node_modules/@esbuild/android-arm64' ]
116 verbose reify failed optional dependency /home/node/front/node_modules/@esbuild/android-arm
117 silly reify mark deleted [ '/home/node/front/node_modules/@esbuild/android-arm' ]
118 verbose reify failed optional dependency /home/node/front/node_modules/@esbuild/aix-ppc64
119 silly reify mark deleted [ '/home/node/front/node_modules/@esbuild/aix-ppc64' ]
120 timing reifyNode:node_modules/fsevents Completed in 103ms
121 timing reifyNode:node_modules/@rollup/rollup-win32-x64-msvc Completed in 103ms
122 timing reifyNode:node_modules/@rollup/rollup-win32-ia32-msvc Completed in 103ms
123 timing reifyNode:node_modules/@rollup/rollup-win32-arm64-msvc Completed in 103ms
124 timing reifyNode:node_modules/@rollup/rollup-linux-x64-musl Completed in 104ms
125 timing reifyNode:node_modules/@rollup/rollup-linux-x64-gnu Completed in 104ms
126 timing reifyNode:node_modules/@rollup/rollup-linux-s390x-gnu Completed in 105ms
127 timing reifyNode:node_modules/@rollup/rollup-linux-riscv64-gnu Completed in 105ms
128 timing reifyNode:node_modules/@rollup/rollup-linux-powerpc64le-gnu Completed in 105ms
129 timing reifyNode:node_modules/@rollup/rollup-linux-arm-gnueabihf Completed in 105ms
130 timing reifyNode:node_modules/@rollup/rollup-darwin-x64 Completed in 106ms
131 timing reifyNode:node_modules/@rollup/rollup-darwin-arm64 Completed in 107ms
132 timing reifyNode:node_modules/@rollup/rollup-android-arm64 Completed in 108ms
133 timing reifyNode:node_modules/@rollup/rollup-android-arm-eabi Completed in 108ms
134 timing reifyNode:node_modules/@esbuild/win32-x64 Completed in 109ms
135 timing reifyNode:node_modules/@esbuild/win32-ia32 Completed in 109ms
136 timing reifyNode:node_modules/@esbuild/win32-arm64 Completed in 109ms
137 timing reifyNode:node_modules/@esbuild/sunos-x64 Completed in 110ms
138 timing reifyNode:node_modules/@esbuild/openbsd-x64 Completed in 110ms
139 timing reifyNode:node_modules/@esbuild/netbsd-x64 Completed in 111ms
140 timing reifyNode:node_modules/@esbuild/linux-x64 Completed in 112ms
141 timing reifyNode:node_modules/@esbuild/linux-s390x Completed in 112ms
142 timing reifyNode:node_modules/@esbuild/linux-riscv64 Completed in 112ms
143 timing reifyNode:node_modules/@esbuild/linux-ppc64 Completed in 112ms
144 timing reifyNode:node_modules/@esbuild/linux-mips64el Completed in 113ms
145 timing reifyNode:node_modules/@esbuild/linux-loong64 Completed in 113ms
146 timing reifyNode:node_modules/@esbuild/linux-ia32 Completed in 114ms
147 timing reifyNode:node_modules/@esbuild/linux-arm Completed in 115ms
148 timing reifyNode:node_modules/@esbuild/freebsd-x64 Completed in 116ms
149 timing reifyNode:node_modules/@esbuild/freebsd-arm64 Completed in 117ms
150 timing reifyNode:node_modules/@esbuild/darwin-x64 Completed in 117ms
151 timing reifyNode:node_modules/@esbuild/darwin-arm64 Completed in 118ms
152 timing reifyNode:node_modules/@esbuild/android-x64 Completed in 120ms
153 timing reifyNode:node_modules/@esbuild/android-arm64 Completed in 121ms
154 timing reifyNode:node_modules/@esbuild/android-arm Completed in 121ms
155 timing reifyNode:node_modules/@esbuild/aix-ppc64 Completed in 122ms
156 timing reify:unpack Completed in 125ms
157 timing reify:unretire Completed in 0ms
158 timing build:queue Completed in 18ms
159 timing build:deps Completed in 18ms
160 timing build Completed in 19ms
161 timing reify:build Completed in 20ms
162 timing reify:trash Completed in 28ms
163 timing reify:save Completed in 40ms
164 http fetch POST 200 https://registry.npmjs.org/-/npm/v1/security/advisories/bulk 398ms
165 timing auditReport:getReport Completed in 403ms
166 silly audit report {}
167 timing auditReport:init Completed in 0ms
168 timing reify:audit Completed in 405ms
169 timing reify Completed in 725ms
170 silly ADD
171 silly ADD
172 silly ADD
173 silly ADD
174 silly ADD
175 silly ADD
176 silly ADD
177 silly ADD
178 silly ADD
179 silly ADD
180 silly ADD
181 silly ADD
182 silly ADD
183 silly ADD
184 silly ADD
185 silly ADD
186 silly ADD
187 silly ADD
188 silly ADD
189 silly ADD
190 silly ADD
191 silly ADD
192 silly ADD
193 silly ADD
194 silly ADD
195 silly ADD
196 silly ADD
197 silly ADD
198 silly ADD
199 silly ADD
200 silly ADD
201 silly ADD
202 silly ADD
203 silly ADD
204 silly ADD
205 silly ADD
206 timing command:install Completed in 757ms
207 verbose exit 0
208 timing npm Completed in 848ms
209 info ok
