0 verbose cli /usr/local/bin/node /usr/local/bin/npm
1 info using npm@9.6.4
2 info using node@v20.0.0
3 timing npm:load:whichnode Completed in 1ms
4 timing config:load:defaults Completed in 23ms
5 timing config:load:file:/usr/local/lib/node_modules/npm/npmrc Completed in 0ms
6 timing config:load:builtin Completed in 0ms
7 timing config:load:cli Completed in 6ms
8 timing config:load:env Completed in 0ms
9 timing config:load:file:/home/node/front/.npmrc Completed in 4ms
10 timing config:load:project Completed in 19ms
11 timing config:load:file:/home/node/.npmrc Completed in 0ms
12 timing config:load:user Completed in 2ms
13 timing config:load:file:/usr/local/etc/npmrc Completed in 0ms
14 timing config:load:global Completed in 0ms
15 timing config:load:setEnvs Completed in 1ms
16 timing config:load Completed in 51ms
17 timing npm:load:configload Completed in 51ms
18 timing npm:load:mkdirpcache Completed in 3ms
19 timing npm:load:mkdirplogs Completed in 1ms
20 verbose title npm install
21 verbose argv "install"
22 timing npm:load:setTitle Completed in 1ms
23 timing config:load:flatten Completed in 11ms
24 timing npm:load:display Completed in 12ms
25 verbose logfile logs-max:10 dir:/home/node/.npm/_logs/2024-04-02T13_08_34_428Z-
26 verbose logfile /home/node/.npm/_logs/2024-04-02T13_08_34_428Z-debug-0.log
27 timing npm:load:logFile Completed in 34ms
28 timing npm:load:timers Completed in 0ms
29 timing npm:load:configScope Completed in 0ms
30 timing npm:load Completed in 113ms
31 timing arborist:ctor Completed in 0ms
32 silly logfile done cleaning log files
33 timing arborist:ctor Completed in 0ms
34 timing idealTree:init Completed in 25ms
35 timing idealTree:userRequests Completed in 0ms
36 silly idealTree buildDeps
37 silly fetch manifest vue@^3.4.19
38 http fetch GET 200 https://registry.npmjs.org/vue 166ms (cache revalidated)
39 silly fetch manifest typescript@^5.2.2
40 http fetch GET 200 https://registry.npmjs.org/typescript 499ms (cache revalidated)
41 silly fetch manifest @vitejs/plugin-vue@^5.0.4
42 http fetch GET 200 https://registry.npmjs.org/@vitejs%2fplugin-vue 185ms (cache revalidated)
43 silly fetch manifest vite@^5.1.4
44 http fetch GET 200 https://registry.npmjs.org/vite 102ms (cache revalidated)
45 silly fetch manifest @types/node@^18.0.0 || >=20.0.0
46 http fetch GET 200 https://registry.npmjs.org/@types%2fnode 86ms (cache revalidated)
47 silly fetch manifest less@*
48 http fetch GET 200 https://registry.npmjs.org/less 326ms (cache revalidated)
49 silly fetch manifest lightningcss@^1.21.0
50 http fetch GET 200 https://registry.npmjs.org/lightningcss 58ms (cache revalidated)
51 silly fetch manifest sass@*
52 http fetch GET 200 https://registry.npmjs.org/sass 51ms (cache revalidated)
53 silly fetch manifest stylus@*
54 http fetch GET 200 https://registry.npmjs.org/stylus 73ms (cache revalidated)
55 silly fetch manifest sugarss@*
56 http fetch GET 200 https://registry.npmjs.org/sugarss 42ms (cache revalidated)
57 silly fetch manifest postcss@^8.3.3
58 http fetch GET 200 https://registry.npmjs.org/postcss 62ms (cache revalidated)
59 silly fetch manifest terser@^5.4.0
60 http fetch GET 200 https://registry.npmjs.org/terser 259ms (cache updated)
61 silly fetch manifest vue-tsc@^1.8.27
62 http fetch GET 200 https://registry.npmjs.org/vue-tsc 47ms (cache revalidated)
63 silly placeDep ROOT @vitejs/plugin-vue@5.0.4 OK for: front@0.0.0 want: ^5.0.4
64 silly placeDep ROOT vite@5.2.7 OK for: @vitejs/plugin-vue@5.0.4 want: ^5.0.0
65 silly placeDep ROOT vue@3.4.21 OK for: @vitejs/plugin-vue@5.0.4 want: ^3.2.25
66 silly placeDep ROOT typescript@5.4.3 OK for: front@0.0.0 want: ^5.2.2
67 silly placeDep ROOT vue-tsc@1.8.27 OK for: front@0.0.0 want: ^1.8.27
68 silly fetch manifest @vue/shared@3.4.21
69 silly fetch manifest @vue/compiler-dom@3.4.21
70 silly fetch manifest @vue/compiler-sfc@3.4.21
71 silly fetch manifest @vue/runtime-dom@3.4.21
72 silly fetch manifest @vue/server-renderer@3.4.21
73 silly fetch manifest esbuild@^0.20.1
74 silly fetch manifest postcss@^8.4.38
75 silly fetch manifest rollup@^4.13.0
76 silly fetch manifest fsevents@~2.3.3
77 silly fetch manifest @volar/typescript@~1.11.1
78 silly fetch manifest @vue/language-core@1.8.27
79 silly fetch manifest semver@^7.5.4
80 http fetch GET 200 https://registry.npmjs.org/esbuild 84ms (cache revalidated)
81 http fetch GET 200 https://registry.npmjs.org/fsevents 151ms (cache revalidated)
82 http fetch GET 200 https://registry.npmjs.org/@vue%2fruntime-dom 158ms (cache revalidated)
83 http fetch GET 200 https://registry.npmjs.org/semver 163ms (cache revalidated)
84 http fetch GET 200 https://registry.npmjs.org/@vue%2fshared 199ms (cache revalidated)
85 http fetch GET 200 https://registry.npmjs.org/rollup 199ms (cache revalidated)
86 http fetch GET 200 https://registry.npmjs.org/@vue%2fserver-renderer 225ms (cache revalidated)
87 http fetch GET 200 https://registry.npmjs.org/@volar%2ftypescript 228ms (cache revalidated)
88 http fetch GET 200 https://registry.npmjs.org/@vue%2fcompiler-dom 237ms (cache revalidated)
89 http fetch GET 200 https://registry.npmjs.org/@vue%2fcompiler-sfc 239ms (cache revalidated)
90 http fetch GET 200 https://registry.npmjs.org/@vue%2flanguage-core 392ms (cache revalidated)
91 timing idealTree:#root Completed in 2493ms
92 timing idealTree:node_modules/@vitejs/plugin-vue Completed in 0ms
93 timing idealTree:node_modules/typescript Completed in 0ms
94 silly placeDep ROOT esbuild@0.20.2 OK for: vite@5.2.7 want: ^0.20.1
95 silly placeDep ROOT fsevents@2.3.3 OK for: vite@5.2.7 want: ~2.3.3
96 silly placeDep ROOT postcss@8.4.38 OK for: vite@5.2.7 want: ^8.4.38
97 silly placeDep ROOT rollup@4.13.2 OK for: vite@5.2.7 want: ^4.13.0
98 silly fetch manifest @esbuild/aix-ppc64@0.20.2
99 silly fetch manifest @esbuild/android-arm@0.20.2
100 silly fetch manifest @esbuild/android-arm64@0.20.2
101 silly fetch manifest @esbuild/android-x64@0.20.2
102 silly fetch manifest @esbuild/darwin-arm64@0.20.2
103 silly fetch manifest @esbuild/darwin-x64@0.20.2
104 silly fetch manifest @esbuild/freebsd-arm64@0.20.2
105 silly fetch manifest @esbuild/freebsd-x64@0.20.2
106 silly fetch manifest @esbuild/linux-arm@0.20.2
107 silly fetch manifest @esbuild/linux-arm64@0.20.2
108 silly fetch manifest @esbuild/linux-ia32@0.20.2
109 silly fetch manifest @esbuild/linux-loong64@0.20.2
110 silly fetch manifest @esbuild/linux-mips64el@0.20.2
111 silly fetch manifest @esbuild/linux-ppc64@0.20.2
112 silly fetch manifest @esbuild/linux-riscv64@0.20.2
113 silly fetch manifest @esbuild/linux-s390x@0.20.2
114 silly fetch manifest @esbuild/linux-x64@0.20.2
115 silly fetch manifest @esbuild/netbsd-x64@0.20.2
116 silly fetch manifest @esbuild/openbsd-x64@0.20.2
117 silly fetch manifest @esbuild/sunos-x64@0.20.2
118 silly fetch manifest @esbuild/win32-arm64@0.20.2
119 silly fetch manifest @esbuild/win32-ia32@0.20.2
120 silly fetch manifest @esbuild/win32-x64@0.20.2
121 silly fetch manifest nanoid@^3.3.7
122 silly fetch manifest picocolors@^1.0.0
123 silly fetch manifest source-map-js@^1.2.0
124 silly fetch manifest @types/estree@1.0.5
125 silly fetch manifest @rollup/rollup-darwin-arm64@4.13.2
126 silly fetch manifest @rollup/rollup-android-arm64@4.13.2
127 silly fetch manifest @rollup/rollup-win32-arm64-msvc@4.13.2
128 silly fetch manifest @rollup/rollup-linux-arm64-gnu@4.13.2
129 silly fetch manifest @rollup/rollup-linux-arm64-musl@4.13.2
130 silly fetch manifest @rollup/rollup-android-arm-eabi@4.13.2
131 silly fetch manifest @rollup/rollup-linux-arm-gnueabihf@4.13.2
132 silly fetch manifest @rollup/rollup-win32-ia32-msvc@4.13.2
133 silly fetch manifest @rollup/rollup-linux-riscv64-gnu@4.13.2
134 silly fetch manifest @rollup/rollup-linux-powerpc64le-gnu@4.13.2
135 silly fetch manifest @rollup/rollup-linux-s390x-gnu@4.13.2
136 silly fetch manifest @rollup/rollup-darwin-x64@4.13.2
137 silly fetch manifest @rollup/rollup-win32-x64-msvc@4.13.2
138 silly fetch manifest @rollup/rollup-linux-x64-gnu@4.13.2
139 silly fetch manifest @rollup/rollup-linux-x64-musl@4.13.2
140 http fetch GET 200 https://registry.npmjs.org/@esbuild%2fandroid-arm 538ms (cache revalidated)
141 http fetch GET 200 https://registry.npmjs.org/@esbuild%2fandroid-x64 542ms (cache revalidated)
142 http fetch GET 200 https://registry.npmjs.org/@esbuild%2flinux-arm64 541ms (cache revalidated)
143 http fetch GET 200 https://registry.npmjs.org/@esbuild%2faix-ppc64 564ms (cache revalidated)
144 http fetch GET 200 https://registry.npmjs.org/@esbuild%2flinux-loong64 565ms (cache revalidated)
145 http fetch GET 200 https://registry.npmjs.org/@rollup%2frollup-android-arm64 551ms (cache revalidated)
146 http fetch GET 200 https://registry.npmjs.org/@esbuild%2fnetbsd-x64 565ms (cache revalidated)
147 http fetch GET 200 https://registry.npmjs.org/@esbuild%2fsunos-x64 564ms (cache revalidated)
148 http fetch GET 200 https://registry.npmjs.org/@esbuild%2fwin32-x64 562ms (cache revalidated)
149 http fetch GET 200 https://registry.npmjs.org/@esbuild%2flinux-ppc64 573ms (cache revalidated)
150 http fetch GET 200 https://registry.npmjs.org/@esbuild%2fdarwin-x64 583ms (cache revalidated)
151 http fetch GET 200 https://registry.npmjs.org/@esbuild%2flinux-arm 582ms (cache revalidated)
152 http fetch GET 200 https://registry.npmjs.org/@esbuild%2fandroid-arm64 595ms (cache revalidated)
153 http fetch GET 200 https://registry.npmjs.org/@esbuild%2ffreebsd-arm64 586ms (cache revalidated)
154 http fetch GET 200 https://registry.npmjs.org/@rollup%2frollup-linux-arm-gnueabihf 578ms (cache revalidated)
155 http fetch GET 200 https://registry.npmjs.org/@esbuild%2flinux-riscv64 599ms (cache revalidated)
156 http fetch GET 200 https://registry.npmjs.org/@esbuild%2flinux-s390x 599ms (cache revalidated)
157 http fetch GET 200 https://registry.npmjs.org/picocolors 591ms (cache revalidated)
158 http fetch GET 200 https://registry.npmjs.org/@esbuild%2flinux-x64 600ms (cache revalidated)
159 http fetch GET 200 https://registry.npmjs.org/@esbuild%2fdarwin-arm64 620ms (cache revalidated)
160 http fetch GET 200 https://registry.npmjs.org/@rollup%2frollup-linux-s390x-gnu 591ms (cache revalidated)
161 http fetch GET 200 https://registry.npmjs.org/@esbuild%2flinux-ia32 618ms (cache revalidated)
162 http fetch GET 200 https://registry.npmjs.org/@esbuild%2fwin32-ia32 610ms (cache revalidated)
163 http fetch GET 200 https://registry.npmjs.org/@rollup%2frollup-linux-arm64-gnu 601ms (cache revalidated)
164 http fetch GET 200 https://registry.npmjs.org/@esbuild%2fwin32-arm64 613ms (cache revalidated)
165 http fetch GET 200 https://registry.npmjs.org/@rollup%2frollup-android-arm-eabi 627ms (cache revalidated)
166 http fetch GET 200 https://registry.npmjs.org/@rollup%2frollup-win32-arm64-msvc 629ms (cache revalidated)
167 http fetch GET 200 https://registry.npmjs.org/nanoid 639ms (cache revalidated)
168 http fetch GET 200 https://registry.npmjs.org/@types%2festree 636ms (cache revalidated)
169 http fetch GET 200 https://registry.npmjs.org/@rollup%2frollup-darwin-arm64 639ms (cache revalidated)
170 http fetch GET 200 https://registry.npmjs.org/@rollup%2frollup-linux-arm64-musl 636ms (cache revalidated)
171 http fetch GET 200 https://registry.npmjs.org/@esbuild%2flinux-mips64el 657ms (cache revalidated)
172 http fetch GET 200 https://registry.npmjs.org/@rollup%2frollup-linux-x64-gnu 631ms (cache revalidated)
173 http fetch GET 200 https://registry.npmjs.org/@rollup%2frollup-linux-powerpc64le-gnu 638ms (cache revalidated)
174 http fetch GET 200 https://registry.npmjs.org/source-map-js 648ms (cache revalidated)
175 http fetch GET 200 https://registry.npmjs.org/@rollup%2frollup-linux-riscv64-gnu 652ms (cache revalidated)
176 http fetch GET 200 https://registry.npmjs.org/@rollup%2frollup-win32-x64-msvc 670ms (cache revalidated)
177 http fetch GET 200 https://registry.npmjs.org/@rollup%2frollup-win32-ia32-msvc 677ms (cache revalidated)
178 http fetch GET 200 https://registry.npmjs.org/@rollup%2frollup-linux-x64-musl 668ms (cache revalidated)
179 http fetch GET 200 https://registry.npmjs.org/@esbuild%2ffreebsd-x64 707ms (cache revalidated)
180 http fetch GET 200 https://registry.npmjs.org/@rollup%2frollup-darwin-x64 691ms (cache revalidated)
181 http fetch GET 200 https://registry.npmjs.org/@esbuild%2fopenbsd-x64 1149ms (cache revalidated)
182 timing idealTree:node_modules/vite Completed in 1191ms
183 silly placeDep ROOT @esbuild/aix-ppc64@0.20.2 OK for: esbuild@0.20.2 want: 0.20.2
184 silly placeDep ROOT @esbuild/android-arm@0.20.2 OK for: esbuild@0.20.2 want: 0.20.2
185 silly placeDep ROOT @esbuild/android-arm64@0.20.2 OK for: esbuild@0.20.2 want: 0.20.2
186 silly placeDep ROOT @esbuild/android-x64@0.20.2 OK for: esbuild@0.20.2 want: 0.20.2
187 silly placeDep ROOT @esbuild/darwin-arm64@0.20.2 OK for: esbuild@0.20.2 want: 0.20.2
188 silly placeDep ROOT @esbuild/darwin-x64@0.20.2 OK for: esbuild@0.20.2 want: 0.20.2
189 silly placeDep ROOT @esbuild/freebsd-arm64@0.20.2 OK for: esbuild@0.20.2 want: 0.20.2
190 silly placeDep ROOT @esbuild/freebsd-x64@0.20.2 OK for: esbuild@0.20.2 want: 0.20.2
191 silly placeDep ROOT @esbuild/linux-arm@0.20.2 OK for: esbuild@0.20.2 want: 0.20.2
192 silly placeDep ROOT @esbuild/linux-arm64@0.20.2 OK for: esbuild@0.20.2 want: 0.20.2
193 silly placeDep ROOT @esbuild/linux-ia32@0.20.2 OK for: esbuild@0.20.2 want: 0.20.2
194 silly placeDep ROOT @esbuild/linux-loong64@0.20.2 OK for: esbuild@0.20.2 want: 0.20.2
195 silly placeDep ROOT @esbuild/linux-mips64el@0.20.2 OK for: esbuild@0.20.2 want: 0.20.2
196 silly placeDep ROOT @esbuild/linux-ppc64@0.20.2 OK for: esbuild@0.20.2 want: 0.20.2
197 silly placeDep ROOT @esbuild/linux-riscv64@0.20.2 OK for: esbuild@0.20.2 want: 0.20.2
198 silly placeDep ROOT @esbuild/linux-s390x@0.20.2 OK for: esbuild@0.20.2 want: 0.20.2
199 silly placeDep ROOT @esbuild/linux-x64@0.20.2 OK for: esbuild@0.20.2 want: 0.20.2
200 silly placeDep ROOT @esbuild/netbsd-x64@0.20.2 OK for: esbuild@0.20.2 want: 0.20.2
201 silly placeDep ROOT @esbuild/openbsd-x64@0.20.2 OK for: esbuild@0.20.2 want: 0.20.2
202 silly placeDep ROOT @esbuild/sunos-x64@0.20.2 OK for: esbuild@0.20.2 want: 0.20.2
203 silly placeDep ROOT @esbuild/win32-arm64@0.20.2 OK for: esbuild@0.20.2 want: 0.20.2
204 silly placeDep ROOT @esbuild/win32-ia32@0.20.2 OK for: esbuild@0.20.2 want: 0.20.2
205 silly placeDep ROOT @esbuild/win32-x64@0.20.2 OK for: esbuild@0.20.2 want: 0.20.2
206 timing idealTree:node_modules/esbuild Completed in 91ms
207 timing idealTree:node_modules/@esbuild/aix-ppc64 Completed in 0ms
208 timing idealTree:node_modules/@esbuild/android-arm Completed in 0ms
209 timing idealTree:node_modules/@esbuild/android-arm64 Completed in 0ms
210 timing idealTree:node_modules/@esbuild/android-x64 Completed in 0ms
211 timing idealTree:node_modules/@esbuild/darwin-arm64 Completed in 0ms
212 timing idealTree:node_modules/@esbuild/darwin-x64 Completed in 0ms
213 timing idealTree:node_modules/@esbuild/freebsd-arm64 Completed in 0ms
214 timing idealTree:node_modules/@esbuild/freebsd-x64 Completed in 0ms
215 timing idealTree:node_modules/@esbuild/linux-arm Completed in 0ms
216 timing idealTree:node_modules/@esbuild/linux-arm64 Completed in 0ms
217 timing idealTree:node_modules/@esbuild/linux-ia32 Completed in 0ms
218 timing idealTree:node_modules/@esbuild/linux-loong64 Completed in 0ms
219 timing idealTree:node_modules/@esbuild/linux-mips64el Completed in 0ms
220 timing idealTree:node_modules/@esbuild/linux-ppc64 Completed in 0ms
221 timing idealTree:node_modules/@esbuild/linux-riscv64 Completed in 0ms
222 timing idealTree:node_modules/@esbuild/linux-s390x Completed in 0ms
223 timing idealTree:node_modules/@esbuild/linux-x64 Completed in 0ms
224 timing idealTree:node_modules/@esbuild/netbsd-x64 Completed in 0ms
225 timing idealTree:node_modules/@esbuild/openbsd-x64 Completed in 0ms
226 timing idealTree:node_modules/@esbuild/sunos-x64 Completed in 0ms
227 timing idealTree:node_modules/@esbuild/win32-arm64 Completed in 0ms
228 timing idealTree:node_modules/@esbuild/win32-ia32 Completed in 0ms
229 timing idealTree:node_modules/@esbuild/win32-x64 Completed in 0ms
230 timing idealTree:node_modules/fsevents Completed in 0ms
231 silly placeDep ROOT nanoid@3.3.7 OK for: postcss@8.4.38 want: ^3.3.7
232 silly placeDep ROOT picocolors@1.0.0 OK for: postcss@8.4.38 want: ^1.0.0
233 silly placeDep ROOT source-map-js@1.2.0 OK for: postcss@8.4.38 want: ^1.2.0
234 timing idealTree:node_modules/postcss Completed in 11ms
235 timing idealTree:node_modules/nanoid Completed in 0ms
236 timing idealTree:node_modules/picocolors Completed in 0ms
237 silly placeDep ROOT @rollup/rollup-android-arm-eabi@4.13.2 OK for: rollup@4.13.2 want: 4.13.2
238 silly placeDep ROOT @rollup/rollup-android-arm64@4.13.2 OK for: rollup@4.13.2 want: 4.13.2
239 silly placeDep ROOT @rollup/rollup-darwin-arm64@4.13.2 OK for: rollup@4.13.2 want: 4.13.2
240 silly placeDep ROOT @rollup/rollup-darwin-x64@4.13.2 OK for: rollup@4.13.2 want: 4.13.2
241 silly placeDep ROOT @rollup/rollup-linux-arm-gnueabihf@4.13.2 OK for: rollup@4.13.2 want: 4.13.2
242 silly placeDep ROOT @rollup/rollup-linux-arm64-gnu@4.13.2 OK for: rollup@4.13.2 want: 4.13.2
243 silly placeDep ROOT @rollup/rollup-linux-arm64-musl@4.13.2 OK for: rollup@4.13.2 want: 4.13.2
244 silly placeDep ROOT @rollup/rollup-linux-powerpc64le-gnu@4.13.2 OK for: rollup@4.13.2 want: 4.13.2
245 silly placeDep ROOT @rollup/rollup-linux-riscv64-gnu@4.13.2 OK for: rollup@4.13.2 want: 4.13.2
246 silly placeDep ROOT @rollup/rollup-linux-s390x-gnu@4.13.2 OK for: rollup@4.13.2 want: 4.13.2
247 silly placeDep ROOT @rollup/rollup-linux-x64-gnu@4.13.2 OK for: rollup@4.13.2 want: 4.13.2
248 silly placeDep ROOT @rollup/rollup-linux-x64-musl@4.13.2 OK for: rollup@4.13.2 want: 4.13.2
249 silly placeDep ROOT @rollup/rollup-win32-arm64-msvc@4.13.2 OK for: rollup@4.13.2 want: 4.13.2
250 silly placeDep ROOT @rollup/rollup-win32-ia32-msvc@4.13.2 OK for: rollup@4.13.2 want: 4.13.2
251 silly placeDep ROOT @rollup/rollup-win32-x64-msvc@4.13.2 OK for: rollup@4.13.2 want: 4.13.2
252 silly placeDep ROOT @types/estree@1.0.5 OK for: rollup@4.13.2 want: 1.0.5
253 timing idealTree:node_modules/rollup Completed in 18ms
254 timing idealTree:node_modules/@rollup/rollup-android-arm-eabi Completed in 0ms
255 timing idealTree:node_modules/@rollup/rollup-android-arm64 Completed in 0ms
256 timing idealTree:node_modules/@rollup/rollup-darwin-arm64 Completed in 0ms
257 timing idealTree:node_modules/@rollup/rollup-darwin-x64 Completed in 0ms
258 timing idealTree:node_modules/@rollup/rollup-linux-arm-gnueabihf Completed in 0ms
259 timing idealTree:node_modules/@rollup/rollup-linux-arm64-gnu Completed in 0ms
260 timing idealTree:node_modules/@rollup/rollup-linux-arm64-musl Completed in 0ms
261 timing idealTree:node_modules/@rollup/rollup-linux-powerpc64le-gnu Completed in 0ms
262 timing idealTree:node_modules/@rollup/rollup-linux-riscv64-gnu Completed in 0ms
263 timing idealTree:node_modules/@rollup/rollup-linux-s390x-gnu Completed in 0ms
264 timing idealTree:node_modules/@rollup/rollup-linux-x64-gnu Completed in 0ms
265 timing idealTree:node_modules/@rollup/rollup-linux-x64-musl Completed in 0ms
266 timing idealTree:node_modules/@rollup/rollup-win32-arm64-msvc Completed in 0ms
267 timing idealTree:node_modules/@rollup/rollup-win32-ia32-msvc Completed in 0ms
268 timing idealTree:node_modules/@rollup/rollup-win32-x64-msvc Completed in 0ms
269 timing idealTree:node_modules/@types/estree Completed in 0ms
270 timing idealTree:node_modules/source-map-js Completed in 0ms
271 silly fetch manifest vue@3.4.21
272 silly fetch manifest typescript@*
273 silly placeDep ROOT @vue/compiler-dom@3.4.21 OK for: vue@3.4.21 want: 3.4.21
274 silly placeDep ROOT @vue/compiler-sfc@3.4.21 OK for: vue@3.4.21 want: 3.4.21
275 silly placeDep ROOT @vue/runtime-dom@3.4.21 OK for: vue@3.4.21 want: 3.4.21
276 silly placeDep ROOT @vue/server-renderer@3.4.21 OK for: vue@3.4.21 want: 3.4.21
277 silly placeDep ROOT @vue/shared@3.4.21 OK for: vue@3.4.21 want: 3.4.21
278 silly fetch manifest @vue/compiler-core@3.4.21
279 silly fetch manifest @babel/parser@^7.23.9
280 silly fetch manifest estree-walker@^2.0.2
281 silly fetch manifest magic-string@^0.30.7
282 silly fetch manifest @vue/compiler-ssr@3.4.21
283 silly fetch manifest csstype@^3.1.3
284 silly fetch manifest @vue/runtime-core@3.4.21
285 http fetch GET 200 https://registry.npmjs.org/csstype 81ms (cache revalidated)
286 http fetch GET 200 https://registry.npmjs.org/estree-walker 93ms (cache revalidated)
287 http fetch GET 200 https://registry.npmjs.org/magic-string 95ms (cache revalidated)
288 http fetch GET 200 https://registry.npmjs.org/@babel%2fparser 108ms (cache revalidated)
289 http fetch GET 200 https://registry.npmjs.org/@vue%2fcompiler-core 117ms (cache revalidated)
290 http fetch GET 200 https://registry.npmjs.org/@vue%2fcompiler-ssr 126ms (cache revalidated)
291 http fetch GET 200 https://registry.npmjs.org/@vue%2fruntime-core 126ms (cache revalidated)
292 timing idealTree:node_modules/vue Completed in 143ms
293 silly placeDep ROOT @vue/compiler-core@3.4.21 OK for: @vue/compiler-dom@3.4.21 want: 3.4.21
294 silly fetch manifest entities@^4.5.0
295 http fetch GET 200 https://registry.npmjs.org/entities 70ms (cache revalidated)
296 timing idealTree:node_modules/@vue/compiler-dom Completed in 74ms
297 silly placeDep ROOT @babel/parser@7.24.1 OK for: @vue/compiler-core@3.4.21 want: ^7.23.9
298 silly placeDep ROOT entities@4.5.0 OK for: @vue/compiler-core@3.4.21 want: ^4.5.0
299 silly placeDep ROOT estree-walker@2.0.2 OK for: @vue/compiler-core@3.4.21 want: ^2.0.2
300 timing idealTree:node_modules/@vue/compiler-core Completed in 8ms
301 timing idealTree:node_modules/@babel/parser Completed in 0ms
302 silly placeDep ROOT @vue/compiler-ssr@3.4.21 OK for: @vue/compiler-sfc@3.4.21 want: 3.4.21
303 silly placeDep ROOT magic-string@0.30.8 OK for: @vue/compiler-sfc@3.4.21 want: ^0.30.7
304 silly fetch manifest @jridgewell/sourcemap-codec@^1.4.15
305 http fetch GET 200 https://registry.npmjs.org/@jridgewell%2fsourcemap-codec 97ms (cache revalidated)
306 timing idealTree:node_modules/@vue/compiler-sfc Completed in 101ms
307 timing idealTree:node_modules/@vue/compiler-ssr Completed in 0ms
308 silly placeDep ROOT @vue/runtime-core@3.4.21 OK for: @vue/runtime-dom@3.4.21 want: 3.4.21
309 silly placeDep ROOT csstype@3.1.3 OK for: @vue/runtime-dom@3.4.21 want: ^3.1.3
310 silly fetch manifest @vue/reactivity@3.4.21
311 http fetch GET 200 https://registry.npmjs.org/@vue%2freactivity 73ms (cache revalidated)
312 timing idealTree:node_modules/@vue/runtime-dom Completed in 77ms
313 silly placeDep ROOT @vue/reactivity@3.4.21 OK for: @vue/runtime-core@3.4.21 want: 3.4.21
314 timing idealTree:node_modules/@vue/runtime-core Completed in 2ms
315 timing idealTree:node_modules/@vue/reactivity Completed in 0ms
316 timing idealTree:node_modules/@vue/server-renderer Completed in 0ms
317 timing idealTree:node_modules/@vue/shared Completed in 0ms
318 timing idealTree:node_modules/csstype Completed in 0ms
319 timing idealTree:node_modules/entities Completed in 0ms
320 timing idealTree:node_modules/estree-walker Completed in 0ms
321 silly placeDep ROOT @jridgewell/sourcemap-codec@1.4.15 OK for: magic-string@0.30.8 want: ^1.4.15
322 timing idealTree:node_modules/magic-string Completed in 2ms
323 timing idealTree:node_modules/@jridgewell/sourcemap-codec Completed in 0ms
324 silly placeDep ROOT @volar/typescript@1.11.1 OK for: vue-tsc@1.8.27 want: ~1.11.1
325 silly placeDep ROOT @vue/language-core@1.8.27 OK for: vue-tsc@1.8.27 want: 1.8.27
326 silly placeDep ROOT semver@7.6.0 OK for: vue-tsc@1.8.27 want: ^7.5.4
327 silly fetch manifest @volar/language-core@1.11.1
328 silly fetch manifest path-browserify@^1.0.1
329 silly fetch manifest @volar/language-core@~1.11.1
330 silly fetch manifest @volar/source-map@~1.11.1
331 silly fetch manifest computeds@^0.0.1
332 silly fetch manifest minimatch@^9.0.3
333 silly fetch manifest muggle-string@^0.3.1
334 silly fetch manifest vue-template-compiler@^2.7.14
335 silly fetch manifest lru-cache@^6.0.0
336 http fetch GET 200 https://registry.npmjs.org/computeds 62ms (cache revalidated)
337 http fetch GET 200 https://registry.npmjs.org/muggle-string 89ms (cache revalidated)
338 http fetch GET 200 https://registry.npmjs.org/vue-template-compiler 91ms (cache revalidated)
339 http fetch GET 200 https://registry.npmjs.org/path-browserify 104ms (cache revalidated)
340 http fetch GET 200 https://registry.npmjs.org/minimatch 101ms (cache revalidated)
341 http fetch GET 200 https://registry.npmjs.org/lru-cache 101ms (cache revalidated)
342 http fetch GET 200 https://registry.npmjs.org/@volar%2flanguage-core 114ms (cache revalidated)
343 http fetch GET 200 https://registry.npmjs.org/@volar%2flanguage-core 127ms (cache revalidated)
344 http fetch GET 200 https://registry.npmjs.org/@volar%2fsource-map 124ms (cache revalidated)
345 timing idealTree:node_modules/vue-tsc Completed in 139ms
346 silly placeDep ROOT @volar/language-core@1.11.1 OK for: @volar/typescript@1.11.1 want: 1.11.1
347 silly placeDep ROOT path-browserify@1.0.1 OK for: @volar/typescript@1.11.1 want: ^1.0.1
348 silly fetch manifest @volar/source-map@1.11.1
349 timing idealTree:node_modules/@volar/typescript Completed in 14ms
350 silly placeDep ROOT @volar/source-map@1.11.1 OK for: @volar/language-core@1.11.1 want: 1.11.1
351 timing idealTree:node_modules/@volar/language-core Completed in 3ms
352 silly placeDep ROOT muggle-string@0.3.1 OK for: @volar/source-map@1.11.1 want: ^0.3.1
353 timing idealTree:node_modules/@volar/source-map Completed in 3ms
354 silly placeDep ROOT computeds@0.0.1 OK for: @vue/language-core@1.8.27 want: ^0.0.1
355 silly placeDep ROOT minimatch@9.0.4 OK for: @vue/language-core@1.8.27 want: ^9.0.3
356 silly placeDep ROOT vue-template-compiler@2.7.16 OK for: @vue/language-core@1.8.27 want: ^2.7.14
357 silly fetch manifest brace-expansion@^2.0.1
358 silly fetch manifest de-indent@^1.0.2
359 silly fetch manifest he@^1.2.0
360 http fetch GET 200 https://registry.npmjs.org/de-indent 44ms (cache revalidated)
361 http fetch GET 200 https://registry.npmjs.org/brace-expansion 57ms (cache revalidated)
362 http fetch GET 200 https://registry.npmjs.org/he 74ms (cache revalidated)
363 timing idealTree:node_modules/@vue/language-core Completed in 85ms
364 timing idealTree:node_modules/computeds Completed in 0ms
365 silly placeDep ROOT brace-expansion@2.0.1 OK for: minimatch@9.0.4 want: ^2.0.1
366 silly fetch manifest balanced-match@^1.0.0
367 http fetch GET 200 https://registry.npmjs.org/balanced-match 44ms (cache revalidated)
368 timing idealTree:node_modules/minimatch Completed in 46ms
369 silly placeDep ROOT balanced-match@1.0.2 OK for: brace-expansion@2.0.1 want: ^1.0.0
370 timing idealTree:node_modules/brace-expansion Completed in 1ms
371 timing idealTree:node_modules/balanced-match Completed in 0ms
372 timing idealTree:node_modules/muggle-string Completed in 0ms
373 timing idealTree:node_modules/path-browserify Completed in 0ms
374 silly placeDep ROOT lru-cache@6.0.0 OK for: semver@7.6.0 want: ^6.0.0
375 silly fetch manifest yallist@^4.0.0
376 http fetch GET 200 https://registry.npmjs.org/yallist 33ms (cache revalidated)
377 timing idealTree:node_modules/semver Completed in 36ms
378 silly placeDep ROOT yallist@4.0.0 OK for: lru-cache@6.0.0 want: ^4.0.0
379 timing idealTree:node_modules/lru-cache Completed in 1ms
380 silly placeDep ROOT de-indent@1.0.2 OK for: vue-template-compiler@2.7.16 want: ^1.0.2
381 silly placeDep ROOT he@1.2.0 OK for: vue-template-compiler@2.7.16 want: ^1.2.0
382 timing idealTree:node_modules/vue-template-compiler Completed in 1ms
383 timing idealTree:node_modules/de-indent Completed in 0ms
384 timing idealTree:node_modules/he Completed in 0ms
385 timing idealTree:node_modules/yallist Completed in 0ms
386 timing idealTree:buildDeps Completed in 4583ms
387 timing idealTree:fixDepFlags Completed in 1ms
388 timing idealTree Completed in 4613ms
389 timing reify:loadTrees Completed in 4626ms
390 timing reify:diffTrees Completed in 1ms
391 silly reify moves {}
392 timing reify:retireShallow Completed in 1ms
393 timing reify:createSparse Completed in 169ms
394 timing reify:loadBundles Completed in 0ms
395 silly audit bulk request {
395 silly audit   '@vitejs/plugin-vue': [ '5.0.4' ],
395 silly audit   vite: [ '5.2.7' ],
395 silly audit   vue: [ '3.4.21' ],
395 silly audit   typescript: [ '5.4.3' ],
395 silly audit   'vue-tsc': [ '1.8.27' ],
395 silly audit   esbuild: [ '0.20.2' ],
395 silly audit   fsevents: [ '2.3.3' ],
395 silly audit   postcss: [ '8.4.38' ],
395 silly audit   rollup: [ '4.13.2' ],
395 silly audit   '@esbuild/aix-ppc64': [ '0.20.2' ],
395 silly audit   '@esbuild/android-arm': [ '0.20.2' ],
395 silly audit   '@esbuild/android-arm64': [ '0.20.2' ],
395 silly audit   '@esbuild/android-x64': [ '0.20.2' ],
395 silly audit   '@esbuild/darwin-arm64': [ '0.20.2' ],
395 silly audit   '@esbuild/darwin-x64': [ '0.20.2' ],
395 silly audit   '@esbuild/freebsd-arm64': [ '0.20.2' ],
395 silly audit   '@esbuild/freebsd-x64': [ '0.20.2' ],
395 silly audit   '@esbuild/linux-arm': [ '0.20.2' ],
395 silly audit   '@esbuild/linux-arm64': [ '0.20.2' ],
395 silly audit   '@esbuild/linux-ia32': [ '0.20.2' ],
395 silly audit   '@esbuild/linux-loong64': [ '0.20.2' ],
395 silly audit   '@esbuild/linux-mips64el': [ '0.20.2' ],
395 silly audit   '@esbuild/linux-ppc64': [ '0.20.2' ],
395 silly audit   '@esbuild/linux-riscv64': [ '0.20.2' ],
395 silly audit   '@esbuild/linux-s390x': [ '0.20.2' ],
395 silly audit   '@esbuild/linux-x64': [ '0.20.2' ],
395 silly audit   '@esbuild/netbsd-x64': [ '0.20.2' ],
395 silly audit   '@esbuild/openbsd-x64': [ '0.20.2' ],
395 silly audit   '@esbuild/sunos-x64': [ '0.20.2' ],
395 silly audit   '@esbuild/win32-arm64': [ '0.20.2' ],
395 silly audit   '@esbuild/win32-ia32': [ '0.20.2' ],
395 silly audit   '@esbuild/win32-x64': [ '0.20.2' ],
395 silly audit   nanoid: [ '3.3.7' ],
395 silly audit   picocolors: [ '1.0.0' ],
395 silly audit   'source-map-js': [ '1.2.0' ],
395 silly audit   '@rollup/rollup-android-arm-eabi': [ '4.13.2' ],
395 silly audit   '@rollup/rollup-android-arm64': [ '4.13.2' ],
395 silly audit   '@rollup/rollup-darwin-arm64': [ '4.13.2' ],
395 silly audit   '@rollup/rollup-darwin-x64': [ '4.13.2' ],
395 silly audit   '@rollup/rollup-linux-arm-gnueabihf': [ '4.13.2' ],
395 silly audit   '@rollup/rollup-linux-arm64-gnu': [ '4.13.2' ],
395 silly audit   '@rollup/rollup-linux-arm64-musl': [ '4.13.2' ],
395 silly audit   '@rollup/rollup-linux-powerpc64le-gnu': [ '4.13.2' ],
395 silly audit   '@rollup/rollup-linux-riscv64-gnu': [ '4.13.2' ],
395 silly audit   '@rollup/rollup-linux-s390x-gnu': [ '4.13.2' ],
395 silly audit   '@rollup/rollup-linux-x64-gnu': [ '4.13.2' ],
395 silly audit   '@rollup/rollup-linux-x64-musl': [ '4.13.2' ],
395 silly audit   '@rollup/rollup-win32-arm64-msvc': [ '4.13.2' ],
395 silly audit   '@rollup/rollup-win32-ia32-msvc': [ '4.13.2' ],
395 silly audit   '@rollup/rollup-win32-x64-msvc': [ '4.13.2' ],
395 silly audit   '@types/estree': [ '1.0.5' ],
395 silly audit   '@vue/compiler-dom': [ '3.4.21' ],
395 silly audit   '@vue/compiler-sfc': [ '3.4.21' ],
395 silly audit   '@vue/runtime-dom': [ '3.4.21' ],
395 silly audit   '@vue/server-renderer': [ '3.4.21' ],
395 silly audit   '@vue/shared': [ '3.4.21' ],
395 silly audit   '@vue/compiler-core': [ '3.4.21' ],
395 silly audit   '@babel/parser': [ '7.24.1' ],
395 silly audit   entities: [ '4.5.0' ],
395 silly audit   'estree-walker': [ '2.0.2' ],
395 silly audit   '@vue/compiler-ssr': [ '3.4.21' ],
395 silly audit   'magic-string': [ '0.30.8' ],
395 silly audit   '@vue/runtime-core': [ '3.4.21' ],
395 silly audit   csstype: [ '3.1.3' ],
395 silly audit   '@vue/reactivity': [ '3.4.21' ],
395 silly audit   '@jridgewell/sourcemap-codec': [ '1.4.15' ],
395 silly audit   '@volar/typescript': [ '1.11.1' ],
395 silly audit   '@vue/language-core': [ '1.8.27' ],
395 silly audit   semver: [ '7.6.0' ],
395 silly audit   '@volar/language-core': [ '1.11.1' ],
395 silly audit   'path-browserify': [ '1.0.1' ],
395 silly audit   '@volar/source-map': [ '1.11.1' ],
395 silly audit   'muggle-string': [ '0.3.1' ],
395 silly audit   computeds: [ '0.0.1' ],
395 silly audit   minimatch: [ '9.0.4' ],
395 silly audit   'vue-template-compiler': [ '2.7.16' ],
395 silly audit   'brace-expansion': [ '2.0.1' ],
395 silly audit   'balanced-match': [ '1.0.2' ],
395 silly audit   'lru-cache': [ '6.0.0' ],
395 silly audit   yallist: [ '4.0.0' ],
395 silly audit   'de-indent': [ '1.0.2' ],
395 silly audit   he: [ '1.2.0' ]
395 silly audit }
396 verbose reify failed optional dependency /home/node/front/node_modules/@rollup/rollup-win32-x64-msvc
397 silly reify mark deleted [ '/home/node/front/node_modules/@rollup/rollup-win32-x64-msvc' ]
398 verbose reify failed optional dependency /home/node/front/node_modules/@rollup/rollup-win32-ia32-msvc
399 silly reify mark deleted [ '/home/node/front/node_modules/@rollup/rollup-win32-ia32-msvc' ]
400 verbose reify failed optional dependency /home/node/front/node_modules/@rollup/rollup-win32-arm64-msvc
401 silly reify mark deleted [ '/home/node/front/node_modules/@rollup/rollup-win32-arm64-msvc' ]
402 verbose reify failed optional dependency /home/node/front/node_modules/@rollup/rollup-linux-x64-musl
403 silly reify mark deleted [ '/home/node/front/node_modules/@rollup/rollup-linux-x64-musl' ]
404 verbose reify failed optional dependency /home/node/front/node_modules/@rollup/rollup-linux-x64-gnu
405 silly reify mark deleted [ '/home/node/front/node_modules/@rollup/rollup-linux-x64-gnu' ]
406 verbose reify failed optional dependency /home/node/front/node_modules/@rollup/rollup-linux-s390x-gnu
407 silly reify mark deleted [ '/home/node/front/node_modules/@rollup/rollup-linux-s390x-gnu' ]
408 verbose reify failed optional dependency /home/node/front/node_modules/@rollup/rollup-linux-riscv64-gnu
409 silly reify mark deleted [ '/home/node/front/node_modules/@rollup/rollup-linux-riscv64-gnu' ]
410 verbose reify failed optional dependency /home/node/front/node_modules/@rollup/rollup-linux-powerpc64le-gnu
411 silly reify mark deleted [
411 silly reify   '/home/node/front/node_modules/@rollup/rollup-linux-powerpc64le-gnu'
411 silly reify ]
412 verbose reify failed optional dependency /home/node/front/node_modules/@rollup/rollup-linux-arm-gnueabihf
413 silly reify mark deleted [ '/home/node/front/node_modules/@rollup/rollup-linux-arm-gnueabihf' ]
414 verbose reify failed optional dependency /home/node/front/node_modules/@rollup/rollup-darwin-x64
415 silly reify mark deleted [ '/home/node/front/node_modules/@rollup/rollup-darwin-x64' ]
416 verbose reify failed optional dependency /home/node/front/node_modules/@rollup/rollup-darwin-arm64
417 silly reify mark deleted [ '/home/node/front/node_modules/@rollup/rollup-darwin-arm64' ]
418 verbose reify failed optional dependency /home/node/front/node_modules/@rollup/rollup-android-arm64
419 silly reify mark deleted [ '/home/node/front/node_modules/@rollup/rollup-android-arm64' ]
420 verbose reify failed optional dependency /home/node/front/node_modules/@rollup/rollup-android-arm-eabi
421 silly reify mark deleted [ '/home/node/front/node_modules/@rollup/rollup-android-arm-eabi' ]
422 verbose reify failed optional dependency /home/node/front/node_modules/@esbuild/win32-x64
423 silly reify mark deleted [ '/home/node/front/node_modules/@esbuild/win32-x64' ]
424 verbose reify failed optional dependency /home/node/front/node_modules/@esbuild/win32-ia32
425 silly reify mark deleted [ '/home/node/front/node_modules/@esbuild/win32-ia32' ]
426 verbose reify failed optional dependency /home/node/front/node_modules/@esbuild/win32-arm64
427 silly reify mark deleted [ '/home/node/front/node_modules/@esbuild/win32-arm64' ]
428 verbose reify failed optional dependency /home/node/front/node_modules/@esbuild/sunos-x64
429 silly reify mark deleted [ '/home/node/front/node_modules/@esbuild/sunos-x64' ]
430 verbose reify failed optional dependency /home/node/front/node_modules/@esbuild/openbsd-x64
431 silly reify mark deleted [ '/home/node/front/node_modules/@esbuild/openbsd-x64' ]
432 verbose reify failed optional dependency /home/node/front/node_modules/@esbuild/netbsd-x64
433 silly reify mark deleted [ '/home/node/front/node_modules/@esbuild/netbsd-x64' ]
434 verbose reify failed optional dependency /home/node/front/node_modules/@esbuild/linux-x64
435 silly reify mark deleted [ '/home/node/front/node_modules/@esbuild/linux-x64' ]
436 verbose reify failed optional dependency /home/node/front/node_modules/@esbuild/linux-s390x
437 silly reify mark deleted [ '/home/node/front/node_modules/@esbuild/linux-s390x' ]
438 verbose reify failed optional dependency /home/node/front/node_modules/@esbuild/linux-riscv64
439 silly reify mark deleted [ '/home/node/front/node_modules/@esbuild/linux-riscv64' ]
440 verbose reify failed optional dependency /home/node/front/node_modules/@esbuild/linux-ppc64
441 silly reify mark deleted [ '/home/node/front/node_modules/@esbuild/linux-ppc64' ]
442 verbose reify failed optional dependency /home/node/front/node_modules/@esbuild/linux-mips64el
443 silly reify mark deleted [ '/home/node/front/node_modules/@esbuild/linux-mips64el' ]
444 verbose reify failed optional dependency /home/node/front/node_modules/@esbuild/linux-loong64
445 silly reify mark deleted [ '/home/node/front/node_modules/@esbuild/linux-loong64' ]
446 verbose reify failed optional dependency /home/node/front/node_modules/@esbuild/linux-ia32
447 silly reify mark deleted [ '/home/node/front/node_modules/@esbuild/linux-ia32' ]
448 verbose reify failed optional dependency /home/node/front/node_modules/@esbuild/linux-arm
449 silly reify mark deleted [ '/home/node/front/node_modules/@esbuild/linux-arm' ]
450 verbose reify failed optional dependency /home/node/front/node_modules/@esbuild/freebsd-x64
451 silly reify mark deleted [ '/home/node/front/node_modules/@esbuild/freebsd-x64' ]
452 verbose reify failed optional dependency /home/node/front/node_modules/@esbuild/freebsd-arm64
453 silly reify mark deleted [ '/home/node/front/node_modules/@esbuild/freebsd-arm64' ]
454 verbose reify failed optional dependency /home/node/front/node_modules/@esbuild/darwin-x64
455 silly reify mark deleted [ '/home/node/front/node_modules/@esbuild/darwin-x64' ]
456 verbose reify failed optional dependency /home/node/front/node_modules/@esbuild/darwin-arm64
457 silly reify mark deleted [ '/home/node/front/node_modules/@esbuild/darwin-arm64' ]
458 verbose reify failed optional dependency /home/node/front/node_modules/@esbuild/android-x64
459 silly reify mark deleted [ '/home/node/front/node_modules/@esbuild/android-x64' ]
460 verbose reify failed optional dependency /home/node/front/node_modules/@esbuild/android-arm64
461 silly reify mark deleted [ '/home/node/front/node_modules/@esbuild/android-arm64' ]
462 verbose reify failed optional dependency /home/node/front/node_modules/@esbuild/android-arm
463 silly reify mark deleted [ '/home/node/front/node_modules/@esbuild/android-arm' ]
464 verbose reify failed optional dependency /home/node/front/node_modules/@esbuild/aix-ppc64
465 silly reify mark deleted [ '/home/node/front/node_modules/@esbuild/aix-ppc64' ]
466 verbose reify failed optional dependency /home/node/front/node_modules/fsevents
467 silly reify mark deleted [ '/home/node/front/node_modules/fsevents' ]
468 timing reifyNode:node_modules/@rollup/rollup-win32-x64-msvc Completed in 83ms
469 timing reifyNode:node_modules/@rollup/rollup-win32-ia32-msvc Completed in 87ms
470 timing reifyNode:node_modules/@rollup/rollup-win32-arm64-msvc Completed in 88ms
471 timing reifyNode:node_modules/@rollup/rollup-linux-x64-musl Completed in 88ms
472 timing reifyNode:node_modules/@rollup/rollup-linux-x64-gnu Completed in 89ms
473 timing reifyNode:node_modules/@rollup/rollup-linux-s390x-gnu Completed in 91ms
474 timing reifyNode:node_modules/@rollup/rollup-linux-riscv64-gnu Completed in 91ms
475 timing reifyNode:node_modules/@rollup/rollup-linux-powerpc64le-gnu Completed in 92ms
476 timing reifyNode:node_modules/@rollup/rollup-linux-arm-gnueabihf Completed in 92ms
477 timing reifyNode:node_modules/@rollup/rollup-darwin-x64 Completed in 92ms
478 timing reifyNode:node_modules/@rollup/rollup-darwin-arm64 Completed in 93ms
479 timing reifyNode:node_modules/@rollup/rollup-android-arm64 Completed in 93ms
480 timing reifyNode:node_modules/@rollup/rollup-android-arm-eabi Completed in 93ms
481 timing reifyNode:node_modules/@esbuild/win32-x64 Completed in 94ms
482 timing reifyNode:node_modules/@esbuild/win32-ia32 Completed in 94ms
483 timing reifyNode:node_modules/@esbuild/win32-arm64 Completed in 94ms
484 timing reifyNode:node_modules/@esbuild/sunos-x64 Completed in 94ms
485 timing reifyNode:node_modules/@esbuild/openbsd-x64 Completed in 94ms
486 timing reifyNode:node_modules/@esbuild/netbsd-x64 Completed in 94ms
487 timing reifyNode:node_modules/@esbuild/linux-x64 Completed in 94ms
488 timing reifyNode:node_modules/@esbuild/linux-s390x Completed in 95ms
489 timing reifyNode:node_modules/@esbuild/linux-riscv64 Completed in 88ms
490 timing reifyNode:node_modules/@esbuild/linux-ppc64 Completed in 88ms
491 timing reifyNode:node_modules/@esbuild/linux-mips64el Completed in 89ms
492 timing reifyNode:node_modules/@esbuild/linux-loong64 Completed in 89ms
493 timing reifyNode:node_modules/@esbuild/linux-ia32 Completed in 89ms
494 timing reifyNode:node_modules/@esbuild/linux-arm Completed in 90ms
495 timing reifyNode:node_modules/@esbuild/freebsd-x64 Completed in 90ms
496 timing reifyNode:node_modules/@esbuild/freebsd-arm64 Completed in 90ms
497 timing reifyNode:node_modules/@esbuild/darwin-x64 Completed in 91ms
498 timing reifyNode:node_modules/@esbuild/darwin-arm64 Completed in 91ms
499 timing reifyNode:node_modules/@esbuild/android-x64 Completed in 91ms
500 timing reifyNode:node_modules/@esbuild/android-arm64 Completed in 94ms
501 timing reifyNode:node_modules/@esbuild/android-arm Completed in 94ms
502 timing reifyNode:node_modules/@esbuild/aix-ppc64 Completed in 95ms
503 timing reifyNode:node_modules/fsevents Completed in 95ms
504 http fetch POST 200 https://registry.npmjs.org/-/npm/v1/security/advisories/bulk 411ms
505 timing auditReport:getReport Completed in 431ms
506 silly audit report {}
507 timing auditReport:init Completed in 0ms
508 timing reify:audit Completed in 472ms
509 timing reifyNode:node_modules/de-indent Completed in 1453ms
510 timing reifyNode:node_modules/@volar/source-map Completed in 1453ms
511 timing reifyNode:node_modules/lru-cache Completed in 1554ms
512 timing reifyNode:node_modules/balanced-match Completed in 1600ms
513 timing reifyNode:node_modules/yallist Completed in 1601ms
514 timing reifyNode:node_modules/brace-expansion Completed in 1601ms
515 timing reifyNode:node_modules/@types/estree Completed in 1650ms
516 timing reifyNode:node_modules/picocolors Completed in 1654ms
517 timing reifyNode:node_modules/@vue/compiler-ssr Completed in 1665ms
518 timing reifyNode:node_modules/muggle-string Completed in 1741ms
519 timing reifyNode:node_modules/vue-tsc Completed in 1800ms
520 timing reifyNode:node_modules/@volar/language-core Completed in 1815ms
521 timing reifyNode:node_modules/he Completed in 1905ms
522 timing reifyNode:node_modules/@jridgewell/sourcemap-codec Completed in 1907ms
523 timing reifyNode:node_modules/@vue/shared Completed in 1917ms
524 timing reifyNode:node_modules/esbuild Completed in 1976ms
525 timing reifyNode:node_modules/computeds Completed in 2051ms
526 timing reifyNode:node_modules/@vitejs/plugin-vue Completed in 2067ms
527 timing reifyNode:node_modules/@vue/reactivity Completed in 2108ms
528 timing reifyNode:node_modules/path-browserify Completed in 2122ms
529 timing reifyNode:node_modules/estree-walker Completed in 2126ms
530 timing reifyNode:node_modules/source-map-js Completed in 2157ms
531 timing reifyNode:node_modules/nanoid Completed in 2162ms
532 timing reifyNode:node_modules/@vue/server-renderer Completed in 2239ms
533 timing reifyNode:node_modules/magic-string Completed in 2344ms
534 timing reifyNode:node_modules/@volar/typescript Completed in 2361ms
535 timing reifyNode:node_modules/vue-template-compiler Completed in 2362ms
536 timing reifyNode:node_modules/@vue/compiler-core Completed in 2398ms
537 timing reifyNode:node_modules/@vue/compiler-dom Completed in 2457ms
538 timing reifyNode:node_modules/@vue/runtime-core Completed in 2472ms
539 timing reifyNode:node_modules/semver Completed in 2501ms
540 timing reifyNode:node_modules/@vue/runtime-dom Completed in 2673ms
541 timing reifyNode:node_modules/postcss Completed in 2669ms
542 timing reifyNode:node_modules/csstype Completed in 2690ms
543 timing reifyNode:node_modules/minimatch Completed in 2706ms
544 timing reifyNode:node_modules/@vue/language-core Completed in 2759ms
545 timing reifyNode:node_modules/entities Completed in 2818ms
546 timing reifyNode:node_modules/@babel/parser Completed in 2880ms
547 timing reifyNode:node_modules/@rollup/rollup-linux-arm64-musl Completed in 2925ms
548 timing reifyNode:node_modules/@vue/compiler-sfc Completed in 2927ms
549 timing reifyNode:node_modules/@rollup/rollup-linux-arm64-gnu Completed in 2935ms
550 timing reifyNode:node_modules/vue Completed in 3048ms
551 timing reifyNode:node_modules/rollup Completed in 3059ms
552 timing reifyNode:node_modules/vite Completed in 3214ms
553 timing reifyNode:node_modules/@esbuild/linux-arm64 Completed in 3585ms
554 timing reifyNode:node_modules/typescript Completed in 4854ms
555 timing reify:unpack Completed in 4867ms
556 timing reify:unretire Completed in 1ms
557 timing build:queue Completed in 21ms
558 timing build:link:node_modules/@babel/parser Completed in 20ms
559 timing build:link:node_modules/rollup Completed in 19ms
560 timing build:link:node_modules/vue-tsc Completed in 20ms
561 timing build:link:node_modules/semver Completed in 27ms
562 timing build:link:node_modules/typescript Completed in 29ms
563 timing build:link:node_modules/vite Completed in 34ms
564 timing build:link:node_modules/he Completed in 35ms
565 timing build:link:node_modules/esbuild Completed in 35ms
566 timing build:link:node_modules/nanoid Completed in 36ms
567 timing build:link Completed in 38ms
568 info run esbuild@0.20.2 postinstall node_modules/esbuild node install.js
569 info run esbuild@0.20.2 postinstall { code: 0, signal: null }
570 timing build:run:postinstall:node_modules/esbuild Completed in 288ms
571 timing build:run:postinstall Completed in 289ms
572 timing build:deps Completed in 349ms
573 timing build Completed in 351ms
574 timing reify:build Completed in 355ms
575 timing reify:trash Completed in 18ms
576 timing reify:save Completed in 38ms
577 timing reify Completed in 10120ms
578 silly ADD node_modules/he
579 silly ADD node_modules/de-indent
580 silly ADD node_modules/yallist
581 silly ADD node_modules/lru-cache
582 silly ADD node_modules/balanced-match
583 silly ADD node_modules/brace-expansion
584 silly ADD node_modules/vue-template-compiler
585 silly ADD node_modules/minimatch
586 silly ADD node_modules/computeds
587 silly ADD node_modules/muggle-string
588 silly ADD node_modules/@volar/source-map
589 silly ADD node_modules/path-browserify
590 silly ADD node_modules/@volar/language-core
591 silly ADD node_modules/semver
592 silly ADD node_modules/@vue/language-core
593 silly ADD node_modules/@volar/typescript
594 silly ADD node_modules/@jridgewell/sourcemap-codec
595 silly ADD node_modules/@vue/reactivity
596 silly ADD node_modules/csstype
597 silly ADD node_modules/@vue/runtime-core
598 silly ADD node_modules/magic-string
599 silly ADD node_modules/@vue/compiler-ssr
600 silly ADD node_modules/estree-walker
601 silly ADD node_modules/entities
602 silly ADD node_modules/@babel/parser
603 silly ADD node_modules/@vue/compiler-core
604 silly ADD node_modules/@vue/shared
605 silly ADD node_modules/@vue/server-renderer
606 silly ADD node_modules/@vue/runtime-dom
607 silly ADD node_modules/@vue/compiler-sfc
608 silly ADD node_modules/@vue/compiler-dom
609 silly ADD node_modules/@types/estree
610 silly ADD
611 silly ADD
612 silly ADD
613 silly ADD
614 silly ADD
615 silly ADD
616 silly ADD
617 silly ADD
618 silly ADD node_modules/@rollup/rollup-linux-arm64-musl
619 silly ADD node_modules/@rollup/rollup-linux-arm64-gnu
620 silly ADD
621 silly ADD
622 silly ADD
623 silly ADD
624 silly ADD
625 silly ADD node_modules/source-map-js
626 silly ADD node_modules/picocolors
627 silly ADD node_modules/nanoid
628 silly ADD
629 silly ADD
630 silly ADD
631 silly ADD
632 silly ADD
633 silly ADD
634 silly ADD
635 silly ADD
636 silly ADD
637 silly ADD
638 silly ADD
639 silly ADD
640 silly ADD
641 silly ADD node_modules/@esbuild/linux-arm64
642 silly ADD
643 silly ADD
644 silly ADD
645 silly ADD
646 silly ADD
647 silly ADD
648 silly ADD
649 silly ADD
650 silly ADD
651 silly ADD node_modules/rollup
652 silly ADD node_modules/postcss
653 silly ADD
654 silly ADD node_modules/esbuild
655 silly ADD node_modules/vue-tsc
656 silly ADD node_modules/typescript
657 silly ADD node_modules/vue
658 silly ADD node_modules/vite
659 silly ADD node_modules/@vitejs/plugin-vue
660 timing command:install Completed in 10164ms
661 verbose exit 0
662 timing npm Completed in 10304ms
663 info ok
